
*** Running vivado
    with args -log top.vds -m64 -product Vivado -mode batch -messageDb vivado.pb -notrace -source top.tcl



****** Vivado v2020.2 (64-bit)
  **** SW Build 3064766 on Wed Nov 18 09:12:45 MST 2020
  **** IP Build 3064653 on Wed Nov 18 14:17:31 MST 2020
    ** Copyright 1986-2020 Xilinx, Inc. All Rights Reserved.

source top.tcl -notrace
Command: synth_design -top top -part xc7a50ticsg324-1L
Starting synth_design
Attempting to get a license for feature 'Synthesis' and/or device 'xc7a50ti'
INFO: [Common 17-349] Got license for feature 'Synthesis' and/or device 'xc7a50ti'
INFO: [Device 21-403] Loading part xc7a50ticsg324-1L
INFO: [Synth 8-7079] Multithreading enabled for synth_design using a maximum of 2 processes.
INFO: [Synth 8-7078] Launching helper process for spawning children vivado processes
INFO: [Synth 8-7075] Helper process launched with PID 13156
---------------------------------------------------------------------------------
Starting RTL Elaboration : Time (s): cpu = 00:00:04 ; elapsed = 00:00:05 . Memory (MB): peak = 1000.074 ; gain = 0.000
---------------------------------------------------------------------------------
INFO: [Synth 8-638] synthesizing module 'top' [C:/Users/dodg/Desktop/4.sem/DE1/Project/morse_code_decoder/project_1.srcs/sources_1/new/top.vhd:24]
INFO: [Synth 8-638] synthesizing module 'clock_enable' [C:/Users/dodg/Desktop/4.sem/DE1/Project/morse_code_decoder/project_1.srcs/sources_1/new/clock_enable.vhd:36]
	Parameter g_MAX bound to: 30000 - type: integer 
INFO: [Synth 8-256] done synthesizing module 'clock_enable' (1#1) [C:/Users/dodg/Desktop/4.sem/DE1/Project/morse_code_decoder/project_1.srcs/sources_1/new/clock_enable.vhd:36]
INFO: [Synth 8-638] synthesizing module 'counter_time' [C:/Users/dodg/Desktop/4.sem/DE1/Project/morse_code_decoder/project_1.srcs/sources_1/new/counter.vhd:28]
	Parameter g_CNT_WIDTH bound to: 4 - type: integer 
INFO: [Synth 8-256] done synthesizing module 'counter_time' (2#1) [C:/Users/dodg/Desktop/4.sem/DE1/Project/morse_code_decoder/project_1.srcs/sources_1/new/counter.vhd:28]
INFO: [Synth 8-638] synthesizing module 'decoder' [C:/Users/dodg/Desktop/4.sem/DE1/Project/morse_code_decoder/project_1.srcs/sources_1/new/decoder.vhd:27]
INFO: [Synth 8-256] done synthesizing module 'decoder' (3#1) [C:/Users/dodg/Desktop/4.sem/DE1/Project/morse_code_decoder/project_1.srcs/sources_1/new/decoder.vhd:27]
INFO: [Synth 8-638] synthesizing module 'edge_detector' [C:/Users/dodg/Desktop/4.sem/DE1/Project/morse_code_decoder/project_1.srcs/sources_1/new/edge_detector.vhd:42]
INFO: [Synth 8-256] done synthesizing module 'edge_detector' (4#1) [C:/Users/dodg/Desktop/4.sem/DE1/Project/morse_code_decoder/project_1.srcs/sources_1/new/edge_detector.vhd:42]
INFO: [Synth 8-638] synthesizing module 'shift_register' [C:/Users/dodg/Desktop/4.sem/DE1/Project/morse_code_decoder/project_1.srcs/sources_1/new/shift_register.vhd:26]
INFO: [Synth 8-638] synthesizing module 'd_ff_rst' [C:/Users/dodg/Desktop/4.sem/DE1/Project/morse_code_decoder/project_1.srcs/sources_1/new/d_ff_rst.vhd:45]
INFO: [Synth 8-256] done synthesizing module 'd_ff_rst' (5#1) [C:/Users/dodg/Desktop/4.sem/DE1/Project/morse_code_decoder/project_1.srcs/sources_1/new/d_ff_rst.vhd:45]
INFO: [Synth 8-256] done synthesizing module 'shift_register' (6#1) [C:/Users/dodg/Desktop/4.sem/DE1/Project/morse_code_decoder/project_1.srcs/sources_1/new/shift_register.vhd:26]
INFO: [Synth 8-638] synthesizing module 'shift_register_7bit' [C:/Users/dodg/Desktop/4.sem/DE1/Project/morse_code_decoder/project_1.srcs/sources_1/new/shift_register_7bit.vhd:27]
INFO: [Synth 8-638] synthesizing module 'd_ff_rst_7bit' [C:/Users/dodg/Desktop/4.sem/DE1/Project/morse_code_decoder/project_1.srcs/sources_1/new/d_ff_rst_7bit.vhd:23]
INFO: [Synth 8-256] done synthesizing module 'd_ff_rst_7bit' (7#1) [C:/Users/dodg/Desktop/4.sem/DE1/Project/morse_code_decoder/project_1.srcs/sources_1/new/d_ff_rst_7bit.vhd:23]
INFO: [Synth 8-256] done synthesizing module 'shift_register_7bit' (8#1) [C:/Users/dodg/Desktop/4.sem/DE1/Project/morse_code_decoder/project_1.srcs/sources_1/new/shift_register_7bit.vhd:27]
INFO: [Synth 8-638] synthesizing module 'bin_7seg' [C:/Users/dodg/Desktop/4.sem/DE1/Project/morse_code_decoder/project_1.srcs/sources_1/new/hex_7seg.vhd:26]
INFO: [Synth 8-256] done synthesizing module 'bin_7seg' (9#1) [C:/Users/dodg/Desktop/4.sem/DE1/Project/morse_code_decoder/project_1.srcs/sources_1/new/hex_7seg.vhd:26]
INFO: [Synth 8-638] synthesizing module 'display_control' [C:/Users/dodg/Desktop/4.sem/DE1/Project/morse_code_decoder/project_1.srcs/sources_1/new/display_control.vhd:27]
INFO: [Synth 8-638] synthesizing module 'counter_time__parameterized0' [C:/Users/dodg/Desktop/4.sem/DE1/Project/morse_code_decoder/project_1.srcs/sources_1/new/counter.vhd:28]
	Parameter g_CNT_WIDTH bound to: 2 - type: integer 
INFO: [Synth 8-256] done synthesizing module 'counter_time__parameterized0' (9#1) [C:/Users/dodg/Desktop/4.sem/DE1/Project/morse_code_decoder/project_1.srcs/sources_1/new/counter.vhd:28]
INFO: [Synth 8-256] done synthesizing module 'display_control' (10#1) [C:/Users/dodg/Desktop/4.sem/DE1/Project/morse_code_decoder/project_1.srcs/sources_1/new/display_control.vhd:27]
INFO: [Synth 8-256] done synthesizing module 'top' (11#1) [C:/Users/dodg/Desktop/4.sem/DE1/Project/morse_code_decoder/project_1.srcs/sources_1/new/top.vhd:24]
---------------------------------------------------------------------------------
Finished RTL Elaboration : Time (s): cpu = 00:00:05 ; elapsed = 00:00:06 . Memory (MB): peak = 1000.074 ; gain = 0.000
---------------------------------------------------------------------------------
---------------------------------------------------------------------------------
Start Handling Custom Attributes
---------------------------------------------------------------------------------
---------------------------------------------------------------------------------
Finished Handling Custom Attributes : Time (s): cpu = 00:00:06 ; elapsed = 00:00:06 . Memory (MB): peak = 1000.074 ; gain = 0.000
---------------------------------------------------------------------------------
---------------------------------------------------------------------------------
Finished RTL Optimization Phase 1 : Time (s): cpu = 00:00:06 ; elapsed = 00:00:06 . Memory (MB): peak = 1000.074 ; gain = 0.000
---------------------------------------------------------------------------------
Netlist sorting complete. Time (s): cpu = 00:00:00 ; elapsed = 00:00:00.003 . Memory (MB): peak = 1000.074 ; gain = 0.000
INFO: [Project 1-570] Preparing netlist for logic optimization

Processing XDC Constraints
Initializing timing engine
Parsing XDC File [C:/Users/dodg/Desktop/4.sem/DE1/Project/morse_code_decoder/project_1.srcs/constrs_1/new/nexys-a7-50t.xdc]
Finished Parsing XDC File [C:/Users/dodg/Desktop/4.sem/DE1/Project/morse_code_decoder/project_1.srcs/constrs_1/new/nexys-a7-50t.xdc]
INFO: [Project 1-236] Implementation specific constraints were found while reading constraint file [C:/Users/dodg/Desktop/4.sem/DE1/Project/morse_code_decoder/project_1.srcs/constrs_1/new/nexys-a7-50t.xdc]. These constraints will be ignored for synthesis but will be used in implementation. Impacted constraints are listed in the file [.Xil/top_propImpl.xdc].
Resolution: To avoid this warning, move constraints listed in [.Xil/top_propImpl.xdc] to another XDC file and exclude this new file from synthesis with the used_in_synthesis property (File Properties dialog in GUI) and re-run elaboration/synthesis.
Completed Processing XDC Constraints

Netlist sorting complete. Time (s): cpu = 00:00:00 ; elapsed = 00:00:00.001 . Memory (MB): peak = 1000.074 ; gain = 0.000
INFO: [Project 1-111] Unisim Transformation Summary:
No Unisim elements were transformed.

Constraint Validation Runtime : Time (s): cpu = 00:00:00 ; elapsed = 00:00:00.003 . Memory (MB): peak = 1000.074 ; gain = 0.000
---------------------------------------------------------------------------------
Finished Constraint Validation : Time (s): cpu = 00:00:12 ; elapsed = 00:00:13 . Memory (MB): peak = 1000.074 ; gain = 0.000
---------------------------------------------------------------------------------
---------------------------------------------------------------------------------
Start Loading Part and Timing Information
---------------------------------------------------------------------------------
Loading part: xc7a50ticsg324-1L
---------------------------------------------------------------------------------
Finished Loading Part and Timing Information : Time (s): cpu = 00:00:12 ; elapsed = 00:00:13 . Memory (MB): peak = 1000.074 ; gain = 0.000
---------------------------------------------------------------------------------
---------------------------------------------------------------------------------
Start Applying 'set_property' XDC Constraints
---------------------------------------------------------------------------------
---------------------------------------------------------------------------------
Finished applying 'set_property' XDC Constraints : Time (s): cpu = 00:00:12 ; elapsed = 00:00:13 . Memory (MB): peak = 1000.074 ; gain = 0.000
---------------------------------------------------------------------------------
---------------------------------------------------------------------------------
Finished RTL Optimization Phase 2 : Time (s): cpu = 00:00:12 ; elapsed = 00:00:14 . Memory (MB): peak = 1000.074 ; gain = 0.000
---------------------------------------------------------------------------------
---------------------------------------------------------------------------------
Start RTL Component Statistics 
---------------------------------------------------------------------------------
Detailed RTL Component Info : 
+---Adders : 
	   2 Input    4 Bit       Adders := 1     
	   2 Input    3 Bit       Adders := 1     
	   2 Input    2 Bit       Adders := 1     
+---Registers : 
	                7 Bit    Registers := 12    
	                4 Bit    Registers := 2     
	                3 Bit    Registers := 2     
	                2 Bit    Registers := 1     
	                1 Bit    Registers := 28    
+---Muxes : 
	   2 Input    7 Bit        Muxes := 3     
	   4 Input    7 Bit        Muxes := 2     
	  11 Input    7 Bit        Muxes := 1     
	   2 Input    6 Bit        Muxes := 1     
	   7 Input    6 Bit        Muxes := 1     
	   4 Input    4 Bit        Muxes := 1     
	   2 Input    1 Bit        Muxes := 12    
---------------------------------------------------------------------------------
Finished RTL Component Statistics 
---------------------------------------------------------------------------------
---------------------------------------------------------------------------------
Start Part Resource Summary
---------------------------------------------------------------------------------
Part Resources:
DSPs: 120 (col length:60)
BRAMs: 150 (col length: RAMB18 60 RAMB36 30)
---------------------------------------------------------------------------------
Finished Part Resource Summary
---------------------------------------------------------------------------------
---------------------------------------------------------------------------------
Start Cross Boundary and Area Optimization
---------------------------------------------------------------------------------
---------------------------------------------------------------------------------
Finished Cross Boundary and Area Optimization : Time (s): cpu = 00:00:14 ; elapsed = 00:00:16 . Memory (MB): peak = 1000.074 ; gain = 0.000
---------------------------------------------------------------------------------
---------------------------------------------------------------------------------
Start Applying XDC Timing Constraints
---------------------------------------------------------------------------------
---------------------------------------------------------------------------------
Finished Applying XDC Timing Constraints : Time (s): cpu = 00:00:21 ; elapsed = 00:00:22 . Memory (MB): peak = 1000.074 ; gain = 0.000
---------------------------------------------------------------------------------
---------------------------------------------------------------------------------
Start Timing Optimization
---------------------------------------------------------------------------------
---------------------------------------------------------------------------------
Finished Timing Optimization : Time (s): cpu = 00:00:21 ; elapsed = 00:00:23 . Memory (MB): peak = 1000.074 ; gain = 0.000
---------------------------------------------------------------------------------
---------------------------------------------------------------------------------
Start Technology Mapping
---------------------------------------------------------------------------------
---------------------------------------------------------------------------------
Finished Technology Mapping : Time (s): cpu = 00:00:21 ; elapsed = 00:00:23 . Memory (MB): peak = 1000.074 ; gain = 0.000
---------------------------------------------------------------------------------
---------------------------------------------------------------------------------
Start IO Insertion
---------------------------------------------------------------------------------
---------------------------------------------------------------------------------
Start Flattening Before IO Insertion
---------------------------------------------------------------------------------
---------------------------------------------------------------------------------
Finished Flattening Before IO Insertion
---------------------------------------------------------------------------------
---------------------------------------------------------------------------------
Start Final Netlist Cleanup
---------------------------------------------------------------------------------
---------------------------------------------------------------------------------
Finished Final Netlist Cleanup
---------------------------------------------------------------------------------
---------------------------------------------------------------------------------
Finished IO Insertion : Time (s): cpu = 00:00:25 ; elapsed = 00:00:27 . Memory (MB): peak = 1000.074 ; gain = 0.000
---------------------------------------------------------------------------------
---------------------------------------------------------------------------------
Start Renaming Generated Instances
---------------------------------------------------------------------------------
---------------------------------------------------------------------------------
Finished Renaming Generated Instances : Time (s): cpu = 00:00:25 ; elapsed = 00:00:27 . Memory (MB): peak = 1000.074 ; gain = 0.000
---------------------------------------------------------------------------------
---------------------------------------------------------------------------------
Start Rebuilding User Hierarchy
---------------------------------------------------------------------------------
---------------------------------------------------------------------------------
Finished Rebuilding User Hierarchy : Time (s): cpu = 00:00:25 ; elapsed = 00:00:27 . Memory (MB): peak = 1000.074 ; gain = 0.000
---------------------------------------------------------------------------------
---------------------------------------------------------------------------------
Start Renaming Generated Ports
---------------------------------------------------------------------------------
---------------------------------------------------------------------------------
Finished Renaming Generated Ports : Time (s): cpu = 00:00:25 ; elapsed = 00:00:27 . Memory (MB): peak = 1000.074 ; gain = 0.000
---------------------------------------------------------------------------------
---------------------------------------------------------------------------------
Start Handling Custom Attributes
---------------------------------------------------------------------------------
---------------------------------------------------------------------------------
Finished Handling Custom Attributes : Time (s): cpu = 00:00:25 ; elapsed = 00:00:27 . Memory (MB): peak = 1000.074 ; gain = 0.000
---------------------------------------------------------------------------------
---------------------------------------------------------------------------------
Start Renaming Generated Nets
---------------------------------------------------------------------------------
---------------------------------------------------------------------------------
Finished Renaming Generated Nets : Time (s): cpu = 00:00:25 ; elapsed = 00:00:27 . Memory (MB): peak = 1000.074 ; gain = 0.000
---------------------------------------------------------------------------------
---------------------------------------------------------------------------------
Start Writing Synthesis Report
---------------------------------------------------------------------------------

Report BlackBoxes: 
+-+--------------+----------+
| |BlackBox name |Instances |
+-+--------------+----------+
+-+--------------+----------+

Report Cell Usage: 
+------+-------+------+
|      |Cell   |Count |
+------+-------+------+
|1     |BUFG   |     1|
|2     |CARRY4 |    16|
|3     |LUT1   |     3|
|4     |LUT2   |    11|
|5     |LUT3   |    10|
|6     |LUT4   |     7|
|7     |LUT5   |    13|
|8     |LUT6   |    30|
|9     |FDRE   |    98|
|10    |FDSE   |    42|
|11    |IBUF   |     3|
|12    |OBUF   |    12|
+------+-------+------+
---------------------------------------------------------------------------------
Finished Writing Synthesis Report : Time (s): cpu = 00:00:25 ; elapsed = 00:00:27 . Memory (MB): peak = 1000.074 ; gain = 0.000
---------------------------------------------------------------------------------
Synthesis finished with 0 errors, 0 critical warnings and 0 warnings.
Synthesis Optimization Runtime : Time (s): cpu = 00:00:17 ; elapsed = 00:00:25 . Memory (MB): peak = 1000.074 ; gain = 0.000
Synthesis Optimization Complete : Time (s): cpu = 00:00:25 ; elapsed = 00:00:27 . Memory (MB): peak = 1000.074 ; gain = 0.000
INFO: [Project 1-571] Translating synthesized netlist
Netlist sorting complete. Time (s): cpu = 00:00:00 ; elapsed = 00:00:00.003 . Memory (MB): peak = 1000.074 ; gain = 0.000
INFO: [Netlist 29-17] Analyzing 16 Unisim elements for replacement
INFO: [Netlist 29-28] Unisim Transformation completed in 0 CPU seconds
INFO: [Project 1-570] Preparing netlist for logic optimization
INFO: [Opt 31-138] Pushed 0 inverter(s) to 0 load pin(s).
Netlist sorting complete. Time (s): cpu = 00:00:00 ; elapsed = 00:00:00 . Memory (MB): peak = 1000.074 ; gain = 0.000
INFO: [Project 1-111] Unisim Transformation Summary:
No Unisim elements were transformed.

INFO: [Common 17-83] Releasing license: Synthesis
39 Infos, 0 Warnings, 0 Critical Warnings and 0 Errors encountered.
synth_design completed successfully
synth_design: Time (s): cpu = 00:00:31 ; elapsed = 00:00:33 . Memory (MB): peak = 1000.074 ; gain = 0.000
INFO: [Common 17-1381] The checkpoint 'C:/Users/dodg/Desktop/4.sem/DE1/Project/morse_code_decoder/project_1.runs/synth_1/top.dcp' has been generated.
INFO: [runtcl-4] Executing : report_utilization -file top_utilization_synth.rpt -pb top_utilization_synth.pb
INFO: [Common 17-206] Exiting Vivado at Sun Apr 24 15:46:59 2022...
