Copyright 1986-2020 Xilinx, Inc. All Rights Reserved.
------------------------------------------------------------------------------------
| Tool Version : Vivado v.2020.1 (win64) Build 2902540 Wed May 27 19:54:49 MDT 2020
| Date         : Thu Apr 21 14:48:32 2022
| Host         : PC-627 running 64-bit major release  (build 9200)
| Command      : report_control_sets -verbose -file top_control_sets_placed.rpt
| Design       : top
| Device       : xc7a50ti
------------------------------------------------------------------------------------

Control Set Information

Table of Contents
-----------------
1. Summary
2. Histogram
3. Flip-Flop Distribution
4. Detailed Control Set Information

1. Summary
----------

+----------------------------------------------------------+-------+
|                          Status                          | Count |
+----------------------------------------------------------+-------+
| Total control sets                                       |     5 |
|    Minimum number of control sets                        |     5 |
|    Addition due to synthesis replication                 |     0 |
|    Addition due to physical synthesis replication        |     0 |
| Unused register locations in slices containing registers |    18 |
+----------------------------------------------------------+-------+
* Control sets can be merged at opt_design using control_set_merge or merge_equivalent_drivers
** Run report_qor_suggestions for automated merging and remapping suggestions


2. Histogram
------------

+--------------------+-------+
|       Fanout       | Count |
+--------------------+-------+
| Total control sets |     5 |
| >= 0 to < 4        |     0 |
| >= 4 to < 6        |     2 |
| >= 6 to < 8        |     1 |
| >= 8 to < 10       |     1 |
| >= 10 to < 12      |     0 |
| >= 12 to < 14      |     0 |
| >= 14 to < 16      |     0 |
| >= 16              |     1 |
+--------------------+-------+
* Control sets can be remapped at either synth_design or opt_design


3. Flip-Flop Distribution
-------------------------

+--------------+-----------------------+------------------------+-----------------+--------------+
| Clock Enable | Synchronous Set/Reset | Asynchronous Set/Reset | Total Registers | Total Slices |
+--------------+-----------------------+------------------------+-----------------+--------------+
| No           | No                    | No                     |               6 |            3 |
| No           | No                    | Yes                    |               0 |            0 |
| No           | Yes                   | No                     |              35 |            9 |
| Yes          | No                    | No                     |               0 |            0 |
| Yes          | No                    | Yes                    |               9 |            2 |
| Yes          | Yes                   | No                     |               4 |            1 |
+--------------+-----------------------+------------------------+-----------------+--------------+


4. Detailed Control Set Information
-----------------------------------

+----------------------+------------------------+--------------------------------+------------------+----------------+--------------+
|     Clock Signal     |      Enable Signal     |        Set/Reset Signal        | Slice Load Count | Bel Load Count | Bels / Slice |
+----------------------+------------------------+--------------------------------+------------------+----------------+--------------+
|  CLK100MHZ_IBUF_BUFG |                        | s_rst                          |                1 |              4 |         4.00 |
|  CLK100MHZ_IBUF_BUFG | bin_cnt0/s_cnt_local_0 | decod/SR[0]                    |                1 |              4 |         4.00 |
|  CLK100MHZ_IBUF_BUFG |                        |                                |                3 |              6 |         2.00 |
|  CLK100MHZ_IBUF_BUFG | decod/s_shift          | s_rst                          |                2 |              9 |         4.50 |
|  CLK100MHZ_IBUF_BUFG |                        | clk_en0/s_cnt_local[0]_i_1_n_0 |                8 |             31 |         3.88 |
+----------------------+------------------------+--------------------------------+------------------+----------------+--------------+


