#-----------------------------------------------------------
# Vivado v2020.2 (64-bit)
# SW Build 3064766 on Wed Nov 18 09:12:45 MST 2020
# IP Build 3064653 on Wed Nov 18 14:17:31 MST 2020
# Start of session at: Fri Apr 22 20:00:40 2022
# Process ID: 5752
# Current directory: C:/Users/dodg/Desktop/4.sem/DE1/digital-electronics-1/Project
# Command line: vivado.exe -gui_launcher_event rodinguilauncherevent16560 C:\Users\dodg\Desktop\4.sem\DE1\digital-electronics-1\Project\project_1.xpr
# Log file: C:/Users/dodg/Desktop/4.sem/DE1/digital-electronics-1/Project/vivado.log
# Journal file: C:/Users/dodg/Desktop/4.sem/DE1/digital-electronics-1/Project\vivado.jou
#-----------------------------------------------------------
start_gui
open_project C:/Users/dodg/Desktop/4.sem/DE1/digital-electronics-1/Project/project_1.xpr
CRITICAL WARNING: [Project 1-19] Could not find the file 'C:/Users/dodg/Desktop/4.sem/DE1/digital-electronics-1/Project/morse_code_decoder/morse_code_decoder.srcs/sources_1/new/shift_register.vhd'.
CRITICAL WARNING: [Project 1-19] Could not find the file 'C:/Users/dodg/Desktop/4.sem/DE1/digital-electronics-1/Project/morse_code_decoder/tb_top_behav.wcfg'.
Scanning sources...
Finished scanning sources
INFO: [IP_Flow 19-234] Refreshing IP repositories
INFO: [IP_Flow 19-1704] No user IP repositories specified
INFO: [IP_Flow 19-2313] Loaded Vivado IP repository 'E:/Xilinx/Vivado/2020.2/data/ip'.
update_compile_order -fileset sources_1
launch_simulation
Command: launch_simulation 
INFO: [Vivado 12-5682] Launching behavioral simulation in 'C:/Users/dodg/Desktop/4.sem/DE1/digital-electronics-1/Project/project_1.sim/sim_1/behav/xsim'
INFO: [SIM-utils-51] Simulation object is 'sim_1'
INFO: [SIM-utils-54] Inspecting design source files for 'tb_top' in fileset 'sim_1'...
INFO: [USF-XSim-97] Finding global include files...
INFO: [USF-XSim-98] Fetching design files from 'sim_1'...
INFO: [USF-XSim-2] XSim::Compile design
INFO: [USF-XSim-61] Executing 'COMPILE and ANALYZE' step in 'C:/Users/dodg/Desktop/4.sem/DE1/digital-electronics-1/Project/project_1.sim/sim_1/behav/xsim'
"xvhdl --incr --relax -prj tb_top_vhdl.prj"
INFO: [VRFC 10-163] Analyzing VHDL file "C:/Users/dodg/Desktop/4.sem/DE1/digital-electronics-1/Project/project_1.srcs/sources_1/new/clock_enable.vhd" into library xil_defaultlib
INFO: [VRFC 10-3107] analyzing entity 'clock_enable'
INFO: [VRFC 10-163] Analyzing VHDL file "C:/Users/dodg/Desktop/4.sem/DE1/digital-electronics-1/Project/project_1.srcs/sources_1/new/counter.vhd" into library xil_defaultlib
INFO: [VRFC 10-3107] analyzing entity 'counter_time'
INFO: [VRFC 10-163] Analyzing VHDL file "C:/Users/dodg/Desktop/4.sem/DE1/digital-electronics-1/Project/project_1.srcs/sources_1/new/d_ff_rst.vhd" into library xil_defaultlib
INFO: [VRFC 10-3107] analyzing entity 'd_ff_rst'
INFO: [VRFC 10-163] Analyzing VHDL file "C:/Users/dodg/Desktop/4.sem/DE1/digital-electronics-1/Project/project_1.srcs/sources_1/new/decoder.vhd" into library xil_defaultlib
INFO: [VRFC 10-3107] analyzing entity 'decoder'
INFO: [VRFC 10-163] Analyzing VHDL file "C:/Users/dodg/Desktop/4.sem/DE1/digital-electronics-1/Project/project_1.srcs/sources_1/new/edge_detector.vhd" into library xil_defaultlib
INFO: [VRFC 10-3107] analyzing entity 'edge_detector'
INFO: [VRFC 10-163] Analyzing VHDL file "C:/Users/dodg/Desktop/4.sem/DE1/digital-electronics-1/Project/project_1.srcs/sources_1/new/hex_7seg.vhd" into library xil_defaultlib
INFO: [VRFC 10-3107] analyzing entity 'hex_7seg'
INFO: [VRFC 10-163] Analyzing VHDL file "C:/Users/dodg/Desktop/4.sem/DE1/digital-electronics-1/Project/project_1.srcs/sources_1/new/shift_register.vhd" into library xil_defaultlib
INFO: [VRFC 10-3107] analyzing entity 'shift_register'
INFO: [VRFC 10-163] Analyzing VHDL file "C:/Users/dodg/Desktop/4.sem/DE1/digital-electronics-1/Project/project_1.srcs/sources_1/new/top.vhd" into library xil_defaultlib
INFO: [VRFC 10-3107] analyzing entity 'top'
INFO: [VRFC 10-163] Analyzing VHDL file "C:/Users/dodg/Desktop/4.sem/DE1/digital-electronics-1/Project/project_1.srcs/sim_1/new/tb_top.vhd" into library xil_defaultlib
INFO: [VRFC 10-3107] analyzing entity 'tb_top'
INFO: [USF-XSim-69] 'compile' step finished in '1' seconds
INFO: [USF-XSim-3] XSim::Elaborate design
INFO: [USF-XSim-61] Executing 'ELABORATE' step in 'C:/Users/dodg/Desktop/4.sem/DE1/digital-electronics-1/Project/project_1.sim/sim_1/behav/xsim'
"xelab -wto 18f6adacffb34c4389a660fa1227a441 --incr --debug typical --relax --mt 2 -L xil_defaultlib -L secureip --snapshot tb_top_behav xil_defaultlib.tb_top -log elaborate.log"
Vivado Simulator 2020.2
Copyright 1986-1999, 2001-2020 Xilinx, Inc. All Rights Reserved.
Running: E:/Xilinx/Vivado/2020.2/bin/unwrapped/win64.o/xelab.exe -wto 18f6adacffb34c4389a660fa1227a441 --incr --debug typical --relax --mt 2 -L xil_defaultlib -L secureip --snapshot tb_top_behav xil_defaultlib.tb_top -log elaborate.log 
Using 2 slave threads.
Starting static elaboration
Completed static elaboration
Starting simulation data flow analysis
Completed simulation data flow analysis
Time Resolution for simulation is 1ps
Compiling package std.standard
Compiling package std.textio
Compiling package ieee.std_logic_1164
Compiling package ieee.numeric_std
Compiling architecture behavioral of entity xil_defaultlib.clock_enable [\clock_enable(g_max=30000)\]
Compiling architecture behavioral of entity xil_defaultlib.counter_time [counter_time_default]
Compiling architecture behavioral of entity xil_defaultlib.decoder [decoder_default]
Compiling architecture behavioral of entity xil_defaultlib.edge_detector [edge_detector_default]
Compiling architecture behavioral of entity xil_defaultlib.d_ff_rst [d_ff_rst_default]
Compiling architecture behavioral of entity xil_defaultlib.shift_register [shift_register_default]
Compiling architecture behavioral of entity xil_defaultlib.hex_7seg [hex_7seg_default]
Compiling architecture behavioral of entity xil_defaultlib.top [top_default]
Compiling architecture testbench of entity xil_defaultlib.tb_top
Built simulation snapshot tb_top_behav
INFO: [USF-XSim-69] 'elaborate' step finished in '2' seconds
INFO: [USF-XSim-4] XSim::Simulate design
WARNING: [USF-XSim-17] WCFG file does not exist:C:/Users/dodg/Desktop/4.sem/DE1/digital-electronics-1/Project/morse_code_decoder/tb_top_behav.wcfg
WARNING: [USF-XSim-17] WCFG file does not exist:C:/Users/dodg/Desktop/4.sem/DE1/digital-electronics-1/Project/morse_code_decoder/tb_top_behav.wcfg
INFO: [USF-XSim-61] Executing 'SIMULATE' step in 'C:/Users/dodg/Desktop/4.sem/DE1/digital-electronics-1/Project/project_1.sim/sim_1/behav/xsim'
INFO: [USF-XSim-98] *** Running xsim
   with args "tb_top_behav -key {Behavioral:sim_1:Functional:tb_top} -tclbatch {tb_top.tcl} -log {simulate.log}"
INFO: [USF-XSim-8] Loading simulator feature
Vivado Simulator 2020.2
Time resolution is 1 ps
source tb_top.tcl
# set curr_wave [current_wave_config]
# if { [string length $curr_wave] == 0 } {
#   if { [llength [get_objects]] > 0} {
#     add_wave /
#     set_property needs_save false [current_wave_config]
#   } else {
#      send_msg_id Add_Wave-1 WARNING "No top level signals found. Simulator will start without a wave window. If you want to open a wave window go to 'File->New Waveform Configuration' or type 'create_wave_config' in the TCL console."
#   }
# }
# run 10ms
Note: Stimulus process started
Time: 0 ps  Iteration: 0  Process: /tb_top/p_stimulus  File: C:/Users/dodg/Desktop/4.sem/DE1/digital-electronics-1/Project/project_1.srcs/sim_1/new/tb_top.vhd
Note: Stimulus process finished
Time: 8800 us  Iteration: 0  Process: /tb_top/p_stimulus  File: C:/Users/dodg/Desktop/4.sem/DE1/digital-electronics-1/Project/project_1.srcs/sim_1/new/tb_top.vhd
INFO: [USF-XSim-96] XSim completed. Design snapshot 'tb_top_behav' loaded.
INFO: [USF-XSim-97] XSim simulation ran for 10ms
launch_simulation: Time (s): cpu = 00:00:09 ; elapsed = 00:00:08 . Memory (MB): peak = 1197.910 ; gain = 0.000
update_files -from_files C:/Users/dodg/Desktop/4.sem/DE1/digital-electronics-1/Project/tb_top_behav.wcfg -to_files C:/Users/dodg/Desktop/4.sem/DE1/digital-electronics-1/Project/morse_code_decoder/tb_top_behav.wcfg -filesets [get_filesets *]
INFO: [filemgmt 20-762] Replacing file 'C:/Users/dodg/Desktop/4.sem/DE1/digital-electronics-1/Project/morse_code_decoder/tb_top_behav.wcfg' with file 'C:/Users/dodg/Desktop/4.sem/DE1/digital-electronics-1/Project/tb_top_behav.wcfg'.
update_files -from_files C:/Users/dodg/Desktop/4.sem/DE1/digital-electronics-1/Project/project_1.srcs/sources_1/new/shift_register.vhd -to_files C:/Users/dodg/Desktop/4.sem/DE1/digital-electronics-1/Project/morse_code_decoder/morse_code_decoder.srcs/sources_1/new/shift_register.vhd -filesets [get_filesets *]
INFO: [filemgmt 20-762] Replacing file 'C:/Users/dodg/Desktop/4.sem/DE1/digital-electronics-1/Project/morse_code_decoder/morse_code_decoder.srcs/sources_1/new/shift_register.vhd' with file 'C:/Users/dodg/Desktop/4.sem/DE1/digital-electronics-1/Project/project_1.srcs/sources_1/new/shift_register.vhd'.
update_compile_order -fileset sim_1
relaunch_sim
Command: launch_simulation -simset sim_1 -mode behavioral
INFO: [Vivado 12-5682] Launching behavioral simulation in 'C:/Users/dodg/Desktop/4.sem/DE1/digital-electronics-1/Project/project_1.sim/sim_1/behav/xsim'
INFO: [SIM-utils-51] Simulation object is 'sim_1'
INFO: [SIM-utils-54] Inspecting design source files for 'tb_top' in fileset 'sim_1'...
INFO: [USF-XSim-97] Finding global include files...
INFO: [USF-XSim-98] Fetching design files from 'sim_1'...
INFO: [USF-XSim-2] XSim::Compile design
INFO: [USF-XSim-61] Executing 'COMPILE and ANALYZE' step in 'C:/Users/dodg/Desktop/4.sem/DE1/digital-electronics-1/Project/project_1.sim/sim_1/behav/xsim'
"xvhdl --incr --relax -prj tb_top_vhdl.prj"
INFO: [USF-XSim-69] 'compile' step finished in '1' seconds
Command: launch_simulation -simset sim_1 -mode behavioral
INFO: [Vivado 12-5682] Launching behavioral simulation in 'C:/Users/dodg/Desktop/4.sem/DE1/digital-electronics-1/Project/project_1.sim/sim_1/behav/xsim'
INFO: [USF-XSim-3] XSim::Elaborate design
INFO: [USF-XSim-61] Executing 'ELABORATE' step in 'C:/Users/dodg/Desktop/4.sem/DE1/digital-electronics-1/Project/project_1.sim/sim_1/behav/xsim'
"xelab -wto 18f6adacffb34c4389a660fa1227a441 --incr --debug typical --relax --mt 2 -L xil_defaultlib -L secureip --snapshot tb_top_behav xil_defaultlib.tb_top -log elaborate.log"
Vivado Simulator 2020.2
Copyright 1986-1999, 2001-2020 Xilinx, Inc. All Rights Reserved.
Running: E:/Xilinx/Vivado/2020.2/bin/unwrapped/win64.o/xelab.exe -wto 18f6adacffb34c4389a660fa1227a441 --incr --debug typical --relax --mt 2 -L xil_defaultlib -L secureip --snapshot tb_top_behav xil_defaultlib.tb_top -log elaborate.log 
Using 2 slave threads.
Starting static elaboration
Completed static elaboration
INFO: [XSIM 43-4323] No Change in HDL. Linking previously generated obj files to create kernel
INFO: [USF-XSim-69] 'elaborate' step finished in '2' seconds
Vivado Simulator 2020.2
Time resolution is 1 ps
Note: Stimulus process started
Time: 0 ps  Iteration: 0  Process: /tb_top/p_stimulus  File: C:/Users/dodg/Desktop/4.sem/DE1/digital-electronics-1/Project/project_1.srcs/sim_1/new/tb_top.vhd
Note: Stimulus process finished
Time: 8800 us  Iteration: 0  Process: /tb_top/p_stimulus  File: C:/Users/dodg/Desktop/4.sem/DE1/digital-electronics-1/Project/project_1.srcs/sim_1/new/tb_top.vhd
relaunch_sim: Time (s): cpu = 00:00:02 ; elapsed = 00:00:08 . Memory (MB): peak = 1197.910 ; gain = 0.000
relaunch_sim
Command: launch_simulation -simset sim_1 -mode behavioral
INFO: [Vivado 12-5682] Launching behavioral simulation in 'C:/Users/dodg/Desktop/4.sem/DE1/digital-electronics-1/Project/project_1.sim/sim_1/behav/xsim'
INFO: [SIM-utils-51] Simulation object is 'sim_1'
INFO: [SIM-utils-54] Inspecting design source files for 'tb_top' in fileset 'sim_1'...
INFO: [USF-XSim-97] Finding global include files...
INFO: [USF-XSim-98] Fetching design files from 'sim_1'...
INFO: [USF-XSim-2] XSim::Compile design
INFO: [USF-XSim-61] Executing 'COMPILE and ANALYZE' step in 'C:/Users/dodg/Desktop/4.sem/DE1/digital-electronics-1/Project/project_1.sim/sim_1/behav/xsim'
"xvhdl --incr --relax -prj tb_top_vhdl.prj"
INFO: [USF-XSim-69] 'compile' step finished in '1' seconds
Command: launch_simulation -simset sim_1 -mode behavioral
INFO: [Vivado 12-5682] Launching behavioral simulation in 'C:/Users/dodg/Desktop/4.sem/DE1/digital-electronics-1/Project/project_1.sim/sim_1/behav/xsim'
INFO: [USF-XSim-3] XSim::Elaborate design
INFO: [USF-XSim-61] Executing 'ELABORATE' step in 'C:/Users/dodg/Desktop/4.sem/DE1/digital-electronics-1/Project/project_1.sim/sim_1/behav/xsim'
"xelab -wto 18f6adacffb34c4389a660fa1227a441 --incr --debug typical --relax --mt 2 -L xil_defaultlib -L secureip --snapshot tb_top_behav xil_defaultlib.tb_top -log elaborate.log"
Vivado Simulator 2020.2
Copyright 1986-1999, 2001-2020 Xilinx, Inc. All Rights Reserved.
Running: E:/Xilinx/Vivado/2020.2/bin/unwrapped/win64.o/xelab.exe -wto 18f6adacffb34c4389a660fa1227a441 --incr --debug typical --relax --mt 2 -L xil_defaultlib -L secureip --snapshot tb_top_behav xil_defaultlib.tb_top -log elaborate.log 
Using 2 slave threads.
Starting static elaboration
Completed static elaboration
INFO: [XSIM 43-4323] No Change in HDL. Linking previously generated obj files to create kernel
INFO: [USF-XSim-69] 'elaborate' step finished in '2' seconds
Vivado Simulator 2020.2
Time resolution is 1 ps
Note: Stimulus process started
Time: 0 ps  Iteration: 0  Process: /tb_top/p_stimulus  File: C:/Users/dodg/Desktop/4.sem/DE1/digital-electronics-1/Project/project_1.srcs/sim_1/new/tb_top.vhd
Note: Stimulus process finished
Time: 8800 us  Iteration: 0  Process: /tb_top/p_stimulus  File: C:/Users/dodg/Desktop/4.sem/DE1/digital-electronics-1/Project/project_1.srcs/sim_1/new/tb_top.vhd
relaunch_sim: Time (s): cpu = 00:00:03 ; elapsed = 00:00:07 . Memory (MB): peak = 1197.910 ; gain = 0.000
close_sim
INFO: [Simtcl 6-16] Simulation closed
launch_simulation
Command: launch_simulation 
INFO: [Vivado 12-5682] Launching behavioral simulation in 'C:/Users/dodg/Desktop/4.sem/DE1/digital-electronics-1/Project/project_1.sim/sim_1/behav/xsim'
INFO: [SIM-utils-51] Simulation object is 'sim_1'
INFO: [SIM-utils-54] Inspecting design source files for 'tb_top' in fileset 'sim_1'...
INFO: [USF-XSim-97] Finding global include files...
INFO: [USF-XSim-98] Fetching design files from 'sim_1'...
INFO: [USF-XSim-2] XSim::Compile design
INFO: [USF-XSim-61] Executing 'COMPILE and ANALYZE' step in 'C:/Users/dodg/Desktop/4.sem/DE1/digital-electronics-1/Project/project_1.sim/sim_1/behav/xsim'
"xvhdl --incr --relax -prj tb_top_vhdl.prj"
INFO: [USF-XSim-69] 'compile' step finished in '1' seconds
INFO: [USF-XSim-3] XSim::Elaborate design
INFO: [USF-XSim-61] Executing 'ELABORATE' step in 'C:/Users/dodg/Desktop/4.sem/DE1/digital-electronics-1/Project/project_1.sim/sim_1/behav/xsim'
"xelab -wto 18f6adacffb34c4389a660fa1227a441 --incr --debug typical --relax --mt 2 -L xil_defaultlib -L secureip --snapshot tb_top_behav xil_defaultlib.tb_top -log elaborate.log"
Vivado Simulator 2020.2
Copyright 1986-1999, 2001-2020 Xilinx, Inc. All Rights Reserved.
Running: E:/Xilinx/Vivado/2020.2/bin/unwrapped/win64.o/xelab.exe -wto 18f6adacffb34c4389a660fa1227a441 --incr --debug typical --relax --mt 2 -L xil_defaultlib -L secureip --snapshot tb_top_behav xil_defaultlib.tb_top -log elaborate.log 
Using 2 slave threads.
Starting static elaboration
Completed static elaboration
INFO: [XSIM 43-4323] No Change in HDL. Linking previously generated obj files to create kernel
INFO: [USF-XSim-69] 'elaborate' step finished in '2' seconds
INFO: [USF-XSim-4] XSim::Simulate design
INFO: [USF-XSim-61] Executing 'SIMULATE' step in 'C:/Users/dodg/Desktop/4.sem/DE1/digital-electronics-1/Project/project_1.sim/sim_1/behav/xsim'
INFO: [USF-XSim-98] *** Running xsim
   with args "tb_top_behav -key {Behavioral:sim_1:Functional:tb_top} -tclbatch {tb_top.tcl} -view {C:/Users/dodg/Desktop/4.sem/DE1/digital-electronics-1/Project/tb_top_behav.wcfg} -log {simulate.log}"
INFO: [USF-XSim-8] Loading simulator feature
Vivado Simulator 2020.2
Time resolution is 1 ps
open_wave_config C:/Users/dodg/Desktop/4.sem/DE1/digital-electronics-1/Project/tb_top_behav.wcfg
WARNING: Simulation object /tb_top/s_reset was not found in the design.
WARNING: Simulation object /tb_top/uut_top/decod/rst_o was not found in the design.
source tb_top.tcl
# set curr_wave [current_wave_config]
# if { [string length $curr_wave] == 0 } {
#   if { [llength [get_objects]] > 0} {
#     add_wave /
#     set_property needs_save false [current_wave_config]
#   } else {
#      send_msg_id Add_Wave-1 WARNING "No top level signals found. Simulator will start without a wave window. If you want to open a wave window go to 'File->New Waveform Configuration' or type 'create_wave_config' in the TCL console."
#   }
# }
# run 10ms
Note: Stimulus process started
Time: 0 ps  Iteration: 0  Process: /tb_top/p_stimulus  File: C:/Users/dodg/Desktop/4.sem/DE1/digital-electronics-1/Project/project_1.srcs/sim_1/new/tb_top.vhd
Note: Stimulus process finished
Time: 8800 us  Iteration: 0  Process: /tb_top/p_stimulus  File: C:/Users/dodg/Desktop/4.sem/DE1/digital-electronics-1/Project/project_1.srcs/sim_1/new/tb_top.vhd
INFO: [USF-XSim-96] XSim completed. Design snapshot 'tb_top_behav' loaded.
INFO: [USF-XSim-97] XSim simulation ran for 10ms
launch_simulation: Time (s): cpu = 00:00:05 ; elapsed = 00:00:07 . Memory (MB): peak = 1197.910 ; gain = 0.000
relaunch_sim
Command: launch_simulation -simset sim_1 -mode behavioral
INFO: [Vivado 12-5682] Launching behavioral simulation in 'C:/Users/dodg/Desktop/4.sem/DE1/digital-electronics-1/Project/project_1.sim/sim_1/behav/xsim'
INFO: [SIM-utils-51] Simulation object is 'sim_1'
INFO: [SIM-utils-54] Inspecting design source files for 'tb_top' in fileset 'sim_1'...
INFO: [USF-XSim-97] Finding global include files...
INFO: [USF-XSim-98] Fetching design files from 'sim_1'...
INFO: [USF-XSim-2] XSim::Compile design
INFO: [USF-XSim-61] Executing 'COMPILE and ANALYZE' step in 'C:/Users/dodg/Desktop/4.sem/DE1/digital-electronics-1/Project/project_1.sim/sim_1/behav/xsim'
"xvhdl --incr --relax -prj tb_top_vhdl.prj"
INFO: [USF-XSim-69] 'compile' step finished in '1' seconds
Command: launch_simulation -simset sim_1 -mode behavioral
INFO: [Vivado 12-5682] Launching behavioral simulation in 'C:/Users/dodg/Desktop/4.sem/DE1/digital-electronics-1/Project/project_1.sim/sim_1/behav/xsim'
INFO: [USF-XSim-3] XSim::Elaborate design
INFO: [USF-XSim-61] Executing 'ELABORATE' step in 'C:/Users/dodg/Desktop/4.sem/DE1/digital-electronics-1/Project/project_1.sim/sim_1/behav/xsim'
"xelab -wto 18f6adacffb34c4389a660fa1227a441 --incr --debug typical --relax --mt 2 -L xil_defaultlib -L secureip --snapshot tb_top_behav xil_defaultlib.tb_top -log elaborate.log"
Vivado Simulator 2020.2
Copyright 1986-1999, 2001-2020 Xilinx, Inc. All Rights Reserved.
Running: E:/Xilinx/Vivado/2020.2/bin/unwrapped/win64.o/xelab.exe -wto 18f6adacffb34c4389a660fa1227a441 --incr --debug typical --relax --mt 2 -L xil_defaultlib -L secureip --snapshot tb_top_behav xil_defaultlib.tb_top -log elaborate.log 
Using 2 slave threads.
Starting static elaboration
Completed static elaboration
INFO: [XSIM 43-4323] No Change in HDL. Linking previously generated obj files to create kernel
INFO: [USF-XSim-69] 'elaborate' step finished in '2' seconds
Vivado Simulator 2020.2
Time resolution is 1 ps
Note: Stimulus process started
Time: 0 ps  Iteration: 0  Process: /tb_top/p_stimulus  File: C:/Users/dodg/Desktop/4.sem/DE1/digital-electronics-1/Project/project_1.srcs/sim_1/new/tb_top.vhd
Note: Stimulus process finished
Time: 8800 us  Iteration: 0  Process: /tb_top/p_stimulus  File: C:/Users/dodg/Desktop/4.sem/DE1/digital-electronics-1/Project/project_1.srcs/sim_1/new/tb_top.vhd
relaunch_sim: Time (s): cpu = 00:00:03 ; elapsed = 00:00:08 . Memory (MB): peak = 1197.910 ; gain = 0.000
relaunch_sim
Command: launch_simulation -simset sim_1 -mode behavioral
INFO: [Vivado 12-5682] Launching behavioral simulation in 'C:/Users/dodg/Desktop/4.sem/DE1/digital-electronics-1/Project/project_1.sim/sim_1/behav/xsim'
INFO: [SIM-utils-51] Simulation object is 'sim_1'
INFO: [SIM-utils-54] Inspecting design source files for 'tb_top' in fileset 'sim_1'...
INFO: [USF-XSim-97] Finding global include files...
INFO: [USF-XSim-98] Fetching design files from 'sim_1'...
INFO: [USF-XSim-2] XSim::Compile design
INFO: [USF-XSim-61] Executing 'COMPILE and ANALYZE' step in 'C:/Users/dodg/Desktop/4.sem/DE1/digital-electronics-1/Project/project_1.sim/sim_1/behav/xsim'
"xvhdl --incr --relax -prj tb_top_vhdl.prj"
INFO: [USF-XSim-69] 'compile' step finished in '1' seconds
Command: launch_simulation -simset sim_1 -mode behavioral
INFO: [Vivado 12-5682] Launching behavioral simulation in 'C:/Users/dodg/Desktop/4.sem/DE1/digital-electronics-1/Project/project_1.sim/sim_1/behav/xsim'
INFO: [USF-XSim-3] XSim::Elaborate design
INFO: [USF-XSim-61] Executing 'ELABORATE' step in 'C:/Users/dodg/Desktop/4.sem/DE1/digital-electronics-1/Project/project_1.sim/sim_1/behav/xsim'
"xelab -wto 18f6adacffb34c4389a660fa1227a441 --incr --debug typical --relax --mt 2 -L xil_defaultlib -L secureip --snapshot tb_top_behav xil_defaultlib.tb_top -log elaborate.log"
Vivado Simulator 2020.2
Copyright 1986-1999, 2001-2020 Xilinx, Inc. All Rights Reserved.
Running: E:/Xilinx/Vivado/2020.2/bin/unwrapped/win64.o/xelab.exe -wto 18f6adacffb34c4389a660fa1227a441 --incr --debug typical --relax --mt 2 -L xil_defaultlib -L secureip --snapshot tb_top_behav xil_defaultlib.tb_top -log elaborate.log 
Using 2 slave threads.
Starting static elaboration
Completed static elaboration
INFO: [XSIM 43-4323] No Change in HDL. Linking previously generated obj files to create kernel
INFO: [USF-XSim-69] 'elaborate' step finished in '2' seconds
Vivado Simulator 2020.2
Time resolution is 1 ps
Note: Stimulus process started
Time: 0 ps  Iteration: 0  Process: /tb_top/p_stimulus  File: C:/Users/dodg/Desktop/4.sem/DE1/digital-electronics-1/Project/project_1.srcs/sim_1/new/tb_top.vhd
Note: Stimulus process finished
Time: 8800 us  Iteration: 0  Process: /tb_top/p_stimulus  File: C:/Users/dodg/Desktop/4.sem/DE1/digital-electronics-1/Project/project_1.srcs/sim_1/new/tb_top.vhd
relaunch_sim: Time (s): cpu = 00:00:03 ; elapsed = 00:00:07 . Memory (MB): peak = 1197.910 ; gain = 0.000
save_wave_config {C:/Users/dodg/Desktop/4.sem/DE1/digital-electronics-1/Project/tb_top_behav.wcfg}
close_sim
INFO: [Simtcl 6-16] Simulation closed
exit
INFO: [Common 17-206] Exiting Vivado at Fri Apr 22 20:11:01 2022...
