#-----------------------------------------------------------
# Vivado v2020.2 (64-bit)
# SW Build 3064766 on Wed Nov 18 09:12:45 MST 2020
# IP Build 3064653 on Wed Nov 18 14:17:31 MST 2020
# Start of session at: Sun Apr 17 18:03:21 2022
# Process ID: 21260
# Current directory: D:/prednasky a cviceni 4/DE1/github/digital-electronics-1/labs/Project/morse_code_decoder
# Command line: vivado.exe -gui_launcher_event rodinguilauncherevent16484 D:\prednasky a cviceni 4\DE1\github\digital-electronics-1\labs\Project\morse_code_decoder\morse_code_decoder.xpr
# Log file: D:/prednasky a cviceni 4/DE1/github/digital-electronics-1/labs/Project/morse_code_decoder/vivado.log
# Journal file: D:/prednasky a cviceni 4/DE1/github/digital-electronics-1/labs/Project/morse_code_decoder\vivado.jou
#-----------------------------------------------------------
start_gui
open_project {D:/prednasky a cviceni 4/DE1/github/digital-electronics-1/labs/Project/morse_code_decoder/morse_code_decoder.xpr}
INFO: [ProjectBase 1-489] The host OS only allows 260 characters in a normal path. The project is stored in a path with more than 80 characters. If you experience issues with IP, Block Designs, or files not being found, please consider moving the project to a location with a shorter path. Alternately consider using the OS subst command to map part of the path to a drive letter.
Current project path is 'D:/prednasky a cviceni 4/DE1/github/digital-electronics-1/labs/Project/morse_code_decoder'
INFO: [Project 1-313] Project file moved from 'D:/Documents/Vidensky_230347/digital-electronics-1/labs/Project/morse_code_decoder' since last save.
WARNING: [filemgmt 56-2] IPUserFilesDir: Could not find the directory 'D:/prednasky a cviceni 4/DE1/github/digital-electronics-1/labs/Project/morse_code_decoder/morse_code_decoder.ip_user_files', nor could it be found using path 'D:/Documents/Vidensky_230347/digital-electronics-1/labs/Project/morse_code_decoder/morse_code_decoder.ip_user_files'.
Scanning sources...
Finished scanning sources
CRITICAL WARNING: [Board 49-67] The board_part definition was not found for digilentinc.com:nexys-a7-50t:part0:1.0. This can happen sometimes when you use custom board part. You can resolve this issue by setting 'board.repoPaths' parameter, pointing to the location of custom board files. Valid board_part values can be retrieved with the 'get_board_parts' Tcl command.
INFO: [Project 1-230] Project 'morse_code_decoder.xpr' upgraded for this version of Vivado.
INFO: [IP_Flow 19-234] Refreshing IP repositories
INFO: [IP_Flow 19-1704] No user IP repositories specified
INFO: [IP_Flow 19-2313] Loaded Vivado IP repository 'D:/Xilinx/Vivado/2020.2/data/ip'.
open_project: Time (s): cpu = 00:00:09 ; elapsed = 00:00:07 . Memory (MB): peak = 1246.000 ; gain = 0.000
update_compile_order -fileset sources_1
exit
INFO: [Common 17-206] Exiting Vivado at Sun Apr 17 18:04:14 2022...
