#-----------------------------------------------------------
# Vivado v2020.2 (64-bit)
# SW Build 3064766 on Wed Nov 18 09:12:45 MST 2020
# IP Build 3064653 on Wed Nov 18 14:17:31 MST 2020
# Start of session at: Fri Apr 22 20:00:06 2022
# Process ID: 1004
# Current directory: C:/Users/dodg/Desktop/4.sem/DE1/digital-electronics-1/Project
# Command line: vivado.exe -gui_launcher_event rodinguilauncherevent8064 C:\Users\dodg\Desktop\4.sem\DE1\digital-electronics-1\Project\project_1.xpr
# Log file: C:/Users/dodg/Desktop/4.sem/DE1/digital-electronics-1/Project/vivado.log
# Journal file: C:/Users/dodg/Desktop/4.sem/DE1/digital-electronics-1/Project\vivado.jou
#-----------------------------------------------------------
start_gui
open_project C:/Users/dodg/Desktop/4.sem/DE1/digital-electronics-1/Project/project_1.xpr
INFO: [Project 1-313] Project file moved from 'C:/Users/dodg/Desktop/4.sem/DE1/digital-electronics-1/230240/project_1' since last save.
CRITICAL WARNING: [Project 1-311] Could not find the file 'C:/Users/dodg/Desktop/4.sem/DE1/digital-electronics-1/Project/morse_code_decoder/morse_code_decoder.srcs/sources_1/new/shift_register.vhd', nor could it be found using path 'C:/Users/dodg/Desktop/4.sem/DE1/digital-electronics-1/230240/Project/morse_code_decoder/morse_code_decoder.srcs/sources_1/new/shift_register.vhd'.
CRITICAL WARNING: [Project 1-311] Could not find the file 'C:/Users/dodg/Desktop/4.sem/DE1/digital-electronics-1/Project/morse_code_decoder/tb_top_behav.wcfg', nor could it be found using path 'C:/Users/dodg/Desktop/4.sem/DE1/digital-electronics-1/230240/Project/morse_code_decoder/tb_top_behav.wcfg'.
Scanning sources...
Finished scanning sources
INFO: [IP_Flow 19-234] Refreshing IP repositories
INFO: [IP_Flow 19-1704] No user IP repositories specified
INFO: [IP_Flow 19-2313] Loaded Vivado IP repository 'E:/Xilinx/Vivado/2020.2/data/ip'.
update_compile_order -fileset sources_1
update_compile_order -fileset sim_1
exit
INFO: [Common 17-206] Exiting Vivado at Fri Apr 22 20:00:32 2022...
