#-----------------------------------------------------------
# Vivado v2020.2 (64-bit)
# SW Build 3064766 on Wed Nov 18 09:12:45 MST 2020
# IP Build 3064653 on Wed Nov 18 14:17:31 MST 2020
# Start of session at: Fri Apr 22 20:14:00 2022
# Process ID: 17352
# Current directory: D:/prednasky a cviceni 4/DE1/github/digital-electronics-1/labs/Project/morse_code_decoder
# Command line: vivado.exe -gui_launcher_event rodinguilauncherevent21636 D:\prednasky a cviceni 4\DE1\github\digital-electronics-1\labs\Project\morse_code_decoder\project_1.xpr
# Log file: D:/prednasky a cviceni 4/DE1/github/digital-electronics-1/labs/Project/morse_code_decoder/vivado.log
# Journal file: D:/prednasky a cviceni 4/DE1/github/digital-electronics-1/labs/Project/morse_code_decoder\vivado.jou
#-----------------------------------------------------------
start_gui
open_project {D:/prednasky a cviceni 4/DE1/github/digital-electronics-1/labs/Project/morse_code_decoder/project_1.xpr}
INFO: [ProjectBase 1-489] The host OS only allows 260 characters in a normal path. The project is stored in a path with more than 80 characters. If you experience issues with IP, Block Designs, or files not being found, please consider moving the project to a location with a shorter path. Alternately consider using the OS subst command to map part of the path to a drive letter.
Current project path is 'D:/prednasky a cviceni 4/DE1/github/digital-electronics-1/labs/Project/morse_code_decoder'
INFO: [Project 1-313] Project file moved from 'C:/Users/dodg/Desktop/4.sem/DE1/digital-electronics-1/Project' since last save.
Scanning sources...
Finished scanning sources
INFO: [IP_Flow 19-234] Refreshing IP repositories
INFO: [IP_Flow 19-1704] No user IP repositories specified
INFO: [IP_Flow 19-2313] Loaded Vivado IP repository 'D:/Xilinx/Vivado/2020.2/data/ip'.
open_project: Time (s): cpu = 00:00:16 ; elapsed = 00:00:16 . Memory (MB): peak = 1201.223 ; gain = 0.000update_compile_order -fileset sources_1
elaunch_simulation
Command: launch_simulation 
INFO: [Vivado 12-5682] Launching behavioral simulation in 'D:/prednasky a cviceni 4/DE1/github/digital-electronics-1/labs/Project/morse_code_decoder/project_1.sim/sim_1/behav/xsim'
INFO: [SIM-utils-51] Simulation object is 'sim_1'
INFO: [SIM-utils-54] Inspecting design source files for 'tb_top' in fileset 'sim_1'...
INFO: [USF-XSim-97] Finding global include files...
INFO: [USF-XSim-98] Fetching design files from 'sim_1'...
INFO: [USF-XSim-2] XSim::Compile design
INFO: [USF-XSim-61] Executing 'COMPILE and ANALYZE' step in 'D:/prednasky a cviceni 4/DE1/github/digital-electronics-1/labs/Project/morse_code_decoder/project_1.sim/sim_1/behav/xsim'
"xvhdl --incr --relax -prj tb_top_vhdl.prj"
INFO: [VRFC 10-163] Analyzing VHDL file "D:/prednasky a cviceni 4/DE1/github/digital-electronics-1/labs/Project/morse_code_decoder/project_1.srcs/sources_1/new/clock_enable.vhd" into library xil_defaultlib
INFO: [VRFC 10-3107] analyzing entity 'clock_enable'
INFO: [VRFC 10-163] Analyzing VHDL file "D:/prednasky a cviceni 4/DE1/github/digital-electronics-1/labs/Project/morse_code_decoder/project_1.srcs/sources_1/new/counter.vhd" into library xil_defaultlib
INFO: [VRFC 10-3107] analyzing entity 'counter_time'
INFO: [VRFC 10-163] Analyzing VHDL file "D:/prednasky a cviceni 4/DE1/github/digital-electronics-1/labs/Project/morse_code_decoder/project_1.srcs/sources_1/new/d_ff_rst.vhd" into library xil_defaultlib
INFO: [VRFC 10-3107] analyzing entity 'd_ff_rst'
INFO: [VRFC 10-163] Analyzing VHDL file "D:/prednasky a cviceni 4/DE1/github/digital-electronics-1/labs/Project/morse_code_decoder/project_1.srcs/sources_1/new/decoder.vhd" into library xil_defaultlib
INFO: [VRFC 10-3107] analyzing entity 'decoder'
INFO: [VRFC 10-163] Analyzing VHDL file "D:/prednasky a cviceni 4/DE1/github/digital-electronics-1/labs/Project/morse_code_decoder/project_1.srcs/sources_1/new/edge_detector.vhd" into library xil_defaultlib
INFO: [VRFC 10-3107] analyzing entity 'edge_detector'
INFO: [VRFC 10-163] Analyzing VHDL file "D:/prednasky a cviceni 4/DE1/github/digital-electronics-1/labs/Project/morse_code_decoder/project_1.srcs/sources_1/new/hex_7seg.vhd" into library xil_defaultlib
INFO: [VRFC 10-3107] analyzing entity 'hex_7seg'
INFO: [VRFC 10-163] Analyzing VHDL file "D:/prednasky a cviceni 4/DE1/github/digital-electronics-1/labs/Project/morse_code_decoder/project_1.srcs/sources_1/new/shift_register.vhd" into library xil_defaultlib
INFO: [VRFC 10-3107] analyzing entity 'shift_register'
INFO: [VRFC 10-163] Analyzing VHDL file "D:/prednasky a cviceni 4/DE1/github/digital-electronics-1/labs/Project/morse_code_decoder/project_1.srcs/sources_1/new/top.vhd" into library xil_defaultlib
INFO: [VRFC 10-3107] analyzing entity 'top'
INFO: [VRFC 10-163] Analyzing VHDL file "D:/prednasky a cviceni 4/DE1/github/digital-electronics-1/labs/Project/morse_code_decoder/project_1.srcs/sim_1/new/tb_top.vhd" into library xil_defaultlib
INFO: [VRFC 10-3107] analyzing entity 'tb_top'
INFO: [USF-XSim-69] 'compile' step finished in '4' seconds
INFO: [USF-XSim-3] XSim::Elaborate design
INFO: [USF-XSim-61] Executing 'ELABORATE' step in 'D:/prednasky a cviceni 4/DE1/github/digital-electronics-1/labs/Project/morse_code_decoder/project_1.sim/sim_1/behav/xsim'
"xelab -wto 18f6adacffb34c4389a660fa1227a441 --incr --debug typical --relax --mt 2 -L xil_defaultlib -L secureip --snapshot tb_top_behav xil_defaultlib.tb_top -log elaborate.log"
Vivado Simulator 2020.2
Copyright 1986-1999, 2001-2020 Xilinx, Inc. All Rights Reserved.
Running: D:/Xilinx/Vivado/2020.2/bin/unwrapped/win64.o/xelab.exe -wto 18f6adacffb34c4389a660fa1227a441 --incr --debug typical --relax --mt 2 -L xil_defaultlib -L secureip --snapshot tb_top_behav xil_defaultlib.tb_top -log elaborate.log 
Using 2 slave threads.
Starting static elaboration
Completed static elaboration
Starting simulation data flow analysis
Completed simulation data flow analysis
Time Resolution for simulation is 1ps
Compiling package std.standard
Compiling package std.textio
Compiling package ieee.std_logic_1164
Compiling package ieee.numeric_std
Compiling architecture behavioral of entity xil_defaultlib.clock_enable [\clock_enable(g_max=30000)\]
Compiling architecture behavioral of entity xil_defaultlib.counter_time [counter_time_default]
Compiling architecture behavioral of entity xil_defaultlib.decoder [decoder_default]
Compiling architecture behavioral of entity xil_defaultlib.edge_detector [edge_detector_default]
Compiling architecture behavioral of entity xil_defaultlib.d_ff_rst [d_ff_rst_default]
Compiling architecture behavioral of entity xil_defaultlib.shift_register [shift_register_default]
Compiling architecture behavioral of entity xil_defaultlib.hex_7seg [hex_7seg_default]
Compiling architecture behavioral of entity xil_defaultlib.top [top_default]
Compiling architecture testbench of entity xil_defaultlib.tb_top
Built simulation snapshot tb_top_behav
run_program: Time (s): cpu = 00:00:00 ; elapsed = 00:00:07 . Memory (MB): peak = 1201.223 ; gain = 0.000
INFO: [USF-XSim-69] 'elaborate' step finished in '7' seconds
INFO: [USF-XSim-4] XSim::Simulate design
INFO: [USF-XSim-61] Executing 'SIMULATE' step in 'D:/prednasky a cviceni 4/DE1/github/digital-electronics-1/labs/Project/morse_code_decoder/project_1.sim/sim_1/behav/xsim'
INFO: [USF-XSim-98] *** Running xsim
   with args "tb_top_behav -key {Behavioral:sim_1:Functional:tb_top} -tclbatch {tb_top.tcl} -view {{D:/prednasky a cviceni 4/DE1/github/digital-electronics-1/labs/Project/morse_code_decoder/tb_top_behav.wcfg}} -log {simulate.log}"
INFO: [USF-XSim-8] Loading simulator feature
Vivado Simulator 2020.2
Time resolution is 1 ps
open_wave_config {D:/prednasky a cviceni 4/DE1/github/digital-electronics-1/labs/Project/morse_code_decoder/tb_top_behav.wcfg}
source tb_top.tcl
# set curr_wave [current_wave_config]
# if { [string length $curr_wave] == 0 } {
#   if { [llength [get_objects]] > 0} {
#     add_wave /
#     set_property needs_save false [current_wave_config]
#   } else {
#      send_msg_id Add_Wave-1 WARNING "No top level signals found. Simulator will start without a wave window. If you want to open a wave window go to 'File->New Waveform Configuration' or type 'create_wave_config' in the TCL console."
#   }
# }
# run 10ms
Note: Stimulus process started
Time: 0 ps  Iteration: 0  Process: /tb_top/p_stimulus  File: D:/prednasky a cviceni 4/DE1/github/digital-electronics-1/labs/Project/morse_code_decoder/project_1.srcs/sim_1/new/tb_top.vhd
Note: Stimulus process finished
Time: 8800 us  Iteration: 0  Process: /tb_top/p_stimulus  File: D:/prednasky a cviceni 4/DE1/github/digital-electronics-1/labs/Project/morse_code_decoder/project_1.srcs/sim_1/new/tb_top.vhd
xsim: Time (s): cpu = 00:00:07 ; elapsed = 00:00:07 . Memory (MB): peak = 1201.223 ; gain = 0.000
INFO: [USF-XSim-96] XSim completed. Design snapshot 'tb_top_behav' loaded.
INFO: [USF-XSim-97] XSim simulation ran for 10ms
launch_simulation: Time (s): cpu = 00:00:09 ; elapsed = 00:00:20 . Memory (MB): peak = 1201.223 ; gain = 0.000
close [ open {D:/prednasky a cviceni 4/DE1/github/digital-electronics-1/labs/Project/morse_code_decoder/project_1.srcs/sources_1/new/d_ff_rst_7bit.vhd} w ]
add_files {{D:/prednasky a cviceni 4/DE1/github/digital-electronics-1/labs/Project/morse_code_decoder/project_1.srcs/sources_1/new/d_ff_rst_7bit.vhd}}
close [ open {D:/prednasky a cviceni 4/DE1/github/digital-electronics-1/labs/Project/morse_code_decoder/project_1.srcs/sources_1/new/shift_register_7bit.vhd} w ]
add_files {{D:/prednasky a cviceni 4/DE1/github/digital-electronics-1/labs/Project/morse_code_decoder/project_1.srcs/sources_1/new/shift_register_7bit.vhd}}
update_compile_order -fileset sources_1
update_compile_order -fileset sources_1
update_compile_order -fileset sources_1
update_compile_order -fileset sources_1
update_compile_order -fileset sources_1
update_compile_order -fileset sources_1
relaunch_sim
Command: launch_simulation -simset sim_1 -mode behavioral
INFO: [Vivado 12-5682] Launching behavioral simulation in 'D:/prednasky a cviceni 4/DE1/github/digital-electronics-1/labs/Project/morse_code_decoder/project_1.sim/sim_1/behav/xsim'
INFO: [SIM-utils-51] Simulation object is 'sim_1'
INFO: [SIM-utils-54] Inspecting design source files for 'tb_top' in fileset 'sim_1'...
INFO: [USF-XSim-97] Finding global include files...
INFO: [USF-XSim-98] Fetching design files from 'sim_1'...
INFO: [USF-XSim-2] XSim::Compile design
INFO: [USF-XSim-61] Executing 'COMPILE and ANALYZE' step in 'D:/prednasky a cviceni 4/DE1/github/digital-electronics-1/labs/Project/morse_code_decoder/project_1.sim/sim_1/behav/xsim'
"xvhdl --incr --relax -prj tb_top_vhdl.prj"
INFO: [VRFC 10-163] Analyzing VHDL file "D:/prednasky a cviceni 4/DE1/github/digital-electronics-1/labs/Project/morse_code_decoder/project_1.srcs/sources_1/new/d_ff_rst_7bit.vhd" into library xil_defaultlib
INFO: [VRFC 10-3107] analyzing entity 'd_ff_rst_7bit'
INFO: [VRFC 10-163] Analyzing VHDL file "D:/prednasky a cviceni 4/DE1/github/digital-electronics-1/labs/Project/morse_code_decoder/project_1.srcs/sources_1/new/shift_register_7bit.vhd" into library xil_defaultlib
INFO: [VRFC 10-3107] analyzing entity 'shift_register_7bit'
INFO: [VRFC 10-163] Analyzing VHDL file "D:/prednasky a cviceni 4/DE1/github/digital-electronics-1/labs/Project/morse_code_decoder/project_1.srcs/sources_1/new/top.vhd" into library xil_defaultlib
INFO: [VRFC 10-3107] analyzing entity 'top'
INFO: [VRFC 10-163] Analyzing VHDL file "D:/prednasky a cviceni 4/DE1/github/digital-electronics-1/labs/Project/morse_code_decoder/project_1.srcs/sim_1/new/tb_top.vhd" into library xil_defaultlib
INFO: [VRFC 10-3107] analyzing entity 'tb_top'
INFO: [USF-XSim-69] 'compile' step finished in '2' seconds
Command: launch_simulation -simset sim_1 -mode behavioral
INFO: [Vivado 12-5682] Launching behavioral simulation in 'D:/prednasky a cviceni 4/DE1/github/digital-electronics-1/labs/Project/morse_code_decoder/project_1.sim/sim_1/behav/xsim'
INFO: [USF-XSim-3] XSim::Elaborate design
INFO: [USF-XSim-61] Executing 'ELABORATE' step in 'D:/prednasky a cviceni 4/DE1/github/digital-electronics-1/labs/Project/morse_code_decoder/project_1.sim/sim_1/behav/xsim'
"xelab -wto 18f6adacffb34c4389a660fa1227a441 --incr --debug typical --relax --mt 2 -L xil_defaultlib -L secureip --snapshot tb_top_behav xil_defaultlib.tb_top -log elaborate.log"
Vivado Simulator 2020.2
Copyright 1986-1999, 2001-2020 Xilinx, Inc. All Rights Reserved.
Running: D:/Xilinx/Vivado/2020.2/bin/unwrapped/win64.o/xelab.exe -wto 18f6adacffb34c4389a660fa1227a441 --incr --debug typical --relax --mt 2 -L xil_defaultlib -L secureip --snapshot tb_top_behav xil_defaultlib.tb_top -log elaborate.log 
Using 2 slave threads.
Starting static elaboration
Completed static elaboration
Starting simulation data flow analysis
Completed simulation data flow analysis
Time Resolution for simulation is 1ps
Compiling package std.standard
Compiling package std.textio
Compiling package ieee.std_logic_1164
Compiling package ieee.numeric_std
Compiling architecture behavioral of entity xil_defaultlib.clock_enable [\clock_enable(g_max=30000)\]
Compiling architecture behavioral of entity xil_defaultlib.counter_time [counter_time_default]
Compiling architecture behavioral of entity xil_defaultlib.decoder [decoder_default]
Compiling architecture behavioral of entity xil_defaultlib.edge_detector [edge_detector_default]
Compiling architecture behavioral of entity xil_defaultlib.d_ff_rst [d_ff_rst_default]
Compiling architecture behavioral of entity xil_defaultlib.shift_register [shift_register_default]
Compiling architecture behavioral of entity xil_defaultlib.d_ff_rst_7bit [d_ff_rst_7bit_default]
Compiling architecture behavioral of entity xil_defaultlib.shift_register_7bit [shift_register_7bit_default]
Compiling architecture behavioral of entity xil_defaultlib.hex_7seg [hex_7seg_default]
Compiling architecture behavioral of entity xil_defaultlib.top [top_default]
Compiling architecture testbench of entity xil_defaultlib.tb_top
Built simulation snapshot tb_top_behav
INFO: [USF-XSim-69] 'elaborate' step finished in '2' seconds
Vivado Simulator 2020.2
Time resolution is 1 ps
Note: Stimulus process started
Time: 0 ps  Iteration: 0  Process: /tb_top/p_stimulus  File: D:/prednasky a cviceni 4/DE1/github/digital-electronics-1/labs/Project/morse_code_decoder/project_1.srcs/sim_1/new/tb_top.vhd
Note: Stimulus process started
Time: 0 ps  Iteration: 0  Process: /tb_top/p_s  File: D:/prednasky a cviceni 4/DE1/github/digital-electronics-1/labs/Project/morse_code_decoder/project_1.srcs/sim_1/new/tb_top.vhd
Note: Stimulus process finished
Time: 0 ps  Iteration: 0  Process: /tb_top/p_s  File: D:/prednasky a cviceni 4/DE1/github/digital-electronics-1/labs/Project/morse_code_decoder/project_1.srcs/sim_1/new/tb_top.vhd
Note: Stimulus process finished
Time: 6800 us  Iteration: 0  Process: /tb_top/p_stimulus  File: D:/prednasky a cviceni 4/DE1/github/digital-electronics-1/labs/Project/morse_code_decoder/project_1.srcs/sim_1/new/tb_top.vhd
relaunch_sim: Time (s): cpu = 00:00:04 ; elapsed = 00:00:11 . Memory (MB): peak = 1201.223 ; gain = 0.000
relaunch_sim
Command: launch_simulation -simset sim_1 -mode behavioral
INFO: [Vivado 12-5682] Launching behavioral simulation in 'D:/prednasky a cviceni 4/DE1/github/digital-electronics-1/labs/Project/morse_code_decoder/project_1.sim/sim_1/behav/xsim'
INFO: [SIM-utils-51] Simulation object is 'sim_1'
INFO: [SIM-utils-54] Inspecting design source files for 'tb_top' in fileset 'sim_1'...
INFO: [USF-XSim-97] Finding global include files...
INFO: [USF-XSim-98] Fetching design files from 'sim_1'...
INFO: [USF-XSim-2] XSim::Compile design
INFO: [USF-XSim-61] Executing 'COMPILE and ANALYZE' step in 'D:/prednasky a cviceni 4/DE1/github/digital-electronics-1/labs/Project/morse_code_decoder/project_1.sim/sim_1/behav/xsim'
"xvhdl --incr --relax -prj tb_top_vhdl.prj"
INFO: [VRFC 10-163] Analyzing VHDL file "D:/prednasky a cviceni 4/DE1/github/digital-electronics-1/labs/Project/morse_code_decoder/project_1.srcs/sim_1/new/tb_top.vhd" into library xil_defaultlib
INFO: [VRFC 10-3107] analyzing entity 'tb_top'
INFO: [USF-XSim-69] 'compile' step finished in '2' seconds
Command: launch_simulation -simset sim_1 -mode behavioral
INFO: [Vivado 12-5682] Launching behavioral simulation in 'D:/prednasky a cviceni 4/DE1/github/digital-electronics-1/labs/Project/morse_code_decoder/project_1.sim/sim_1/behav/xsim'
INFO: [USF-XSim-3] XSim::Elaborate design
INFO: [USF-XSim-61] Executing 'ELABORATE' step in 'D:/prednasky a cviceni 4/DE1/github/digital-electronics-1/labs/Project/morse_code_decoder/project_1.sim/sim_1/behav/xsim'
"xelab -wto 18f6adacffb34c4389a660fa1227a441 --incr --debug typical --relax --mt 2 -L xil_defaultlib -L secureip --snapshot tb_top_behav xil_defaultlib.tb_top -log elaborate.log"
Vivado Simulator 2020.2
Copyright 1986-1999, 2001-2020 Xilinx, Inc. All Rights Reserved.
Running: D:/Xilinx/Vivado/2020.2/bin/unwrapped/win64.o/xelab.exe -wto 18f6adacffb34c4389a660fa1227a441 --incr --debug typical --relax --mt 2 -L xil_defaultlib -L secureip --snapshot tb_top_behav xil_defaultlib.tb_top -log elaborate.log 
Using 2 slave threads.
Starting static elaboration
Completed static elaboration
Starting simulation data flow analysis
Completed simulation data flow analysis
Time Resolution for simulation is 1ps
Compiling package std.standard
Compiling package std.textio
Compiling package ieee.std_logic_1164
Compiling package ieee.numeric_std
Compiling architecture behavioral of entity xil_defaultlib.clock_enable [\clock_enable(g_max=30000)\]
Compiling architecture behavioral of entity xil_defaultlib.counter_time [counter_time_default]
Compiling architecture behavioral of entity xil_defaultlib.decoder [decoder_default]
Compiling architecture behavioral of entity xil_defaultlib.edge_detector [edge_detector_default]
Compiling architecture behavioral of entity xil_defaultlib.d_ff_rst [d_ff_rst_default]
Compiling architecture behavioral of entity xil_defaultlib.shift_register [shift_register_default]
Compiling architecture behavioral of entity xil_defaultlib.d_ff_rst_7bit [d_ff_rst_7bit_default]
Compiling architecture behavioral of entity xil_defaultlib.shift_register_7bit [shift_register_7bit_default]
Compiling architecture behavioral of entity xil_defaultlib.hex_7seg [hex_7seg_default]
Compiling architecture behavioral of entity xil_defaultlib.top [top_default]
Compiling architecture testbench of entity xil_defaultlib.tb_top
Built simulation snapshot tb_top_behav
INFO: [USF-XSim-69] 'elaborate' step finished in '2' seconds
Vivado Simulator 2020.2
Time resolution is 1 ps
Note: Stimulus process started
Time: 0 ps  Iteration: 0  Process: /tb_top/p_stimulus  File: D:/prednasky a cviceni 4/DE1/github/digital-electronics-1/labs/Project/morse_code_decoder/project_1.srcs/sim_1/new/tb_top.vhd
Note: Stimulus process started
Time: 0 ps  Iteration: 0  Process: /tb_top/p_s  File: D:/prednasky a cviceni 4/DE1/github/digital-electronics-1/labs/Project/morse_code_decoder/project_1.srcs/sim_1/new/tb_top.vhd
Note: Stimulus process finished
Time: 0 ps  Iteration: 0  Process: /tb_top/p_s  File: D:/prednasky a cviceni 4/DE1/github/digital-electronics-1/labs/Project/morse_code_decoder/project_1.srcs/sim_1/new/tb_top.vhd
Note: Stimulus process finished
Time: 6800 us  Iteration: 0  Process: /tb_top/p_stimulus  File: D:/prednasky a cviceni 4/DE1/github/digital-electronics-1/labs/Project/morse_code_decoder/project_1.srcs/sim_1/new/tb_top.vhd
relaunch_xsim_kernel: Time (s): cpu = 00:00:05 ; elapsed = 00:00:06 . Memory (MB): peak = 1201.223 ; gain = 0.000
relaunch_sim: Time (s): cpu = 00:00:05 ; elapsed = 00:00:11 . Memory (MB): peak = 1201.223 ; gain = 0.000
save_wave_config {D:/prednasky a cviceni 4/DE1/github/digital-electronics-1/labs/Project/morse_code_decoder/tb_top_behav.wcfg}
relaunch_sim
Command: launch_simulation -simset sim_1 -mode behavioral
INFO: [Vivado 12-5682] Launching behavioral simulation in 'D:/prednasky a cviceni 4/DE1/github/digital-electronics-1/labs/Project/morse_code_decoder/project_1.sim/sim_1/behav/xsim'
INFO: [SIM-utils-51] Simulation object is 'sim_1'
INFO: [SIM-utils-54] Inspecting design source files for 'tb_top' in fileset 'sim_1'...
INFO: [USF-XSim-97] Finding global include files...
INFO: [USF-XSim-98] Fetching design files from 'sim_1'...
INFO: [USF-XSim-2] XSim::Compile design
INFO: [USF-XSim-61] Executing 'COMPILE and ANALYZE' step in 'D:/prednasky a cviceni 4/DE1/github/digital-electronics-1/labs/Project/morse_code_decoder/project_1.sim/sim_1/behav/xsim'
"xvhdl --incr --relax -prj tb_top_vhdl.prj"
INFO: [USF-XSim-69] 'compile' step finished in '1' seconds
Command: launch_simulation -simset sim_1 -mode behavioral
INFO: [Vivado 12-5682] Launching behavioral simulation in 'D:/prednasky a cviceni 4/DE1/github/digital-electronics-1/labs/Project/morse_code_decoder/project_1.sim/sim_1/behav/xsim'
INFO: [USF-XSim-3] XSim::Elaborate design
INFO: [USF-XSim-61] Executing 'ELABORATE' step in 'D:/prednasky a cviceni 4/DE1/github/digital-electronics-1/labs/Project/morse_code_decoder/project_1.sim/sim_1/behav/xsim'
"xelab -wto 18f6adacffb34c4389a660fa1227a441 --incr --debug typical --relax --mt 2 -L xil_defaultlib -L secureip --snapshot tb_top_behav xil_defaultlib.tb_top -log elaborate.log"
Vivado Simulator 2020.2
Copyright 1986-1999, 2001-2020 Xilinx, Inc. All Rights Reserved.
Running: D:/Xilinx/Vivado/2020.2/bin/unwrapped/win64.o/xelab.exe -wto 18f6adacffb34c4389a660fa1227a441 --incr --debug typical --relax --mt 2 -L xil_defaultlib -L secureip --snapshot tb_top_behav xil_defaultlib.tb_top -log elaborate.log 
Using 2 slave threads.
Starting static elaboration
Completed static elaboration
INFO: [XSIM 43-4323] No Change in HDL. Linking previously generated obj files to create kernel
INFO: [USF-XSim-69] 'elaborate' step finished in '2' seconds
Vivado Simulator 2020.2
Time resolution is 1 ps
Note: Stimulus process started
Time: 0 ps  Iteration: 0  Process: /tb_top/p_stimulus  File: D:/prednasky a cviceni 4/DE1/github/digital-electronics-1/labs/Project/morse_code_decoder/project_1.srcs/sim_1/new/tb_top.vhd
Note: Stimulus process started
Time: 0 ps  Iteration: 0  Process: /tb_top/p_s  File: D:/prednasky a cviceni 4/DE1/github/digital-electronics-1/labs/Project/morse_code_decoder/project_1.srcs/sim_1/new/tb_top.vhd
Note: Stimulus process finished
Time: 0 ps  Iteration: 0  Process: /tb_top/p_s  File: D:/prednasky a cviceni 4/DE1/github/digital-electronics-1/labs/Project/morse_code_decoder/project_1.srcs/sim_1/new/tb_top.vhd
Note: Stimulus process finished
Time: 6800 us  Iteration: 0  Process: /tb_top/p_stimulus  File: D:/prednasky a cviceni 4/DE1/github/digital-electronics-1/labs/Project/morse_code_decoder/project_1.srcs/sim_1/new/tb_top.vhd
relaunch_xsim_kernel: Time (s): cpu = 00:00:05 ; elapsed = 00:00:06 . Memory (MB): peak = 1201.223 ; gain = 0.000
relaunch_sim: Time (s): cpu = 00:00:05 ; elapsed = 00:00:11 . Memory (MB): peak = 1201.223 ; gain = 0.000
relaunch_sim
Command: launch_simulation -simset sim_1 -mode behavioral
INFO: [Vivado 12-5682] Launching behavioral simulation in 'D:/prednasky a cviceni 4/DE1/github/digital-electronics-1/labs/Project/morse_code_decoder/project_1.sim/sim_1/behav/xsim'
INFO: [SIM-utils-51] Simulation object is 'sim_1'
INFO: [SIM-utils-54] Inspecting design source files for 'tb_top' in fileset 'sim_1'...
INFO: [USF-XSim-97] Finding global include files...
INFO: [USF-XSim-98] Fetching design files from 'sim_1'...
INFO: [USF-XSim-2] XSim::Compile design
INFO: [USF-XSim-61] Executing 'COMPILE and ANALYZE' step in 'D:/prednasky a cviceni 4/DE1/github/digital-electronics-1/labs/Project/morse_code_decoder/project_1.sim/sim_1/behav/xsim'
"xvhdl --incr --relax -prj tb_top_vhdl.prj"
INFO: [USF-XSim-69] 'compile' step finished in '2' seconds
Command: launch_simulation -simset sim_1 -mode behavioral
INFO: [Vivado 12-5682] Launching behavioral simulation in 'D:/prednasky a cviceni 4/DE1/github/digital-electronics-1/labs/Project/morse_code_decoder/project_1.sim/sim_1/behav/xsim'
INFO: [USF-XSim-3] XSim::Elaborate design
INFO: [USF-XSim-61] Executing 'ELABORATE' step in 'D:/prednasky a cviceni 4/DE1/github/digital-electronics-1/labs/Project/morse_code_decoder/project_1.sim/sim_1/behav/xsim'
"xelab -wto 18f6adacffb34c4389a660fa1227a441 --incr --debug typical --relax --mt 2 -L xil_defaultlib -L secureip --snapshot tb_top_behav xil_defaultlib.tb_top -log elaborate.log"
Vivado Simulator 2020.2
Copyright 1986-1999, 2001-2020 Xilinx, Inc. All Rights Reserved.
Running: D:/Xilinx/Vivado/2020.2/bin/unwrapped/win64.o/xelab.exe -wto 18f6adacffb34c4389a660fa1227a441 --incr --debug typical --relax --mt 2 -L xil_defaultlib -L secureip --snapshot tb_top_behav xil_defaultlib.tb_top -log elaborate.log 
Using 2 slave threads.
Starting static elaboration
Completed static elaboration
INFO: [XSIM 43-4323] No Change in HDL. Linking previously generated obj files to create kernel
INFO: [USF-XSim-69] 'elaborate' step finished in '2' seconds
Vivado Simulator 2020.2
Time resolution is 1 ps
Note: Stimulus process started
Time: 0 ps  Iteration: 0  Process: /tb_top/p_stimulus  File: D:/prednasky a cviceni 4/DE1/github/digital-electronics-1/labs/Project/morse_code_decoder/project_1.srcs/sim_1/new/tb_top.vhd
Note: Stimulus process started
Time: 0 ps  Iteration: 0  Process: /tb_top/p_s  File: D:/prednasky a cviceni 4/DE1/github/digital-electronics-1/labs/Project/morse_code_decoder/project_1.srcs/sim_1/new/tb_top.vhd
Note: Stimulus process finished
Time: 0 ps  Iteration: 0  Process: /tb_top/p_s  File: D:/prednasky a cviceni 4/DE1/github/digital-electronics-1/labs/Project/morse_code_decoder/project_1.srcs/sim_1/new/tb_top.vhd
Note: Stimulus process finished
Time: 6800 us  Iteration: 0  Process: /tb_top/p_stimulus  File: D:/prednasky a cviceni 4/DE1/github/digital-electronics-1/labs/Project/morse_code_decoder/project_1.srcs/sim_1/new/tb_top.vhd
relaunch_xsim_kernel: Time (s): cpu = 00:00:05 ; elapsed = 00:00:06 . Memory (MB): peak = 1201.223 ; gain = 0.000
relaunch_sim: Time (s): cpu = 00:00:05 ; elapsed = 00:00:10 . Memory (MB): peak = 1201.223 ; gain = 0.000
relaunch_sim
Command: launch_simulation -simset sim_1 -mode behavioral
INFO: [Vivado 12-5682] Launching behavioral simulation in 'D:/prednasky a cviceni 4/DE1/github/digital-electronics-1/labs/Project/morse_code_decoder/project_1.sim/sim_1/behav/xsim'
INFO: [SIM-utils-51] Simulation object is 'sim_1'
INFO: [SIM-utils-54] Inspecting design source files for 'tb_top' in fileset 'sim_1'...
INFO: [USF-XSim-97] Finding global include files...
INFO: [USF-XSim-98] Fetching design files from 'sim_1'...
INFO: [USF-XSim-2] XSim::Compile design
INFO: [USF-XSim-61] Executing 'COMPILE and ANALYZE' step in 'D:/prednasky a cviceni 4/DE1/github/digital-electronics-1/labs/Project/morse_code_decoder/project_1.sim/sim_1/behav/xsim'
"xvhdl --incr --relax -prj tb_top_vhdl.prj"
INFO: [VRFC 10-163] Analyzing VHDL file "D:/prednasky a cviceni 4/DE1/github/digital-electronics-1/labs/Project/morse_code_decoder/project_1.srcs/sources_1/new/top.vhd" into library xil_defaultlib
INFO: [VRFC 10-3107] analyzing entity 'top'
INFO: [VRFC 10-163] Analyzing VHDL file "D:/prednasky a cviceni 4/DE1/github/digital-electronics-1/labs/Project/morse_code_decoder/project_1.srcs/sim_1/new/tb_top.vhd" into library xil_defaultlib
INFO: [VRFC 10-3107] analyzing entity 'tb_top'
INFO: [USF-XSim-69] 'compile' step finished in '2' seconds
Command: launch_simulation -simset sim_1 -mode behavioral
INFO: [Vivado 12-5682] Launching behavioral simulation in 'D:/prednasky a cviceni 4/DE1/github/digital-electronics-1/labs/Project/morse_code_decoder/project_1.sim/sim_1/behav/xsim'
INFO: [USF-XSim-3] XSim::Elaborate design
INFO: [USF-XSim-61] Executing 'ELABORATE' step in 'D:/prednasky a cviceni 4/DE1/github/digital-electronics-1/labs/Project/morse_code_decoder/project_1.sim/sim_1/behav/xsim'
"xelab -wto 18f6adacffb34c4389a660fa1227a441 --incr --debug typical --relax --mt 2 -L xil_defaultlib -L secureip --snapshot tb_top_behav xil_defaultlib.tb_top -log elaborate.log"
Vivado Simulator 2020.2
Copyright 1986-1999, 2001-2020 Xilinx, Inc. All Rights Reserved.
Running: D:/Xilinx/Vivado/2020.2/bin/unwrapped/win64.o/xelab.exe -wto 18f6adacffb34c4389a660fa1227a441 --incr --debug typical --relax --mt 2 -L xil_defaultlib -L secureip --snapshot tb_top_behav xil_defaultlib.tb_top -log elaborate.log 
Using 2 slave threads.
Starting static elaboration
Completed static elaboration
Starting simulation data flow analysis
Completed simulation data flow analysis
Time Resolution for simulation is 1ps
Compiling package std.standard
Compiling package std.textio
Compiling package ieee.std_logic_1164
Compiling package ieee.numeric_std
Compiling architecture behavioral of entity xil_defaultlib.clock_enable [\clock_enable(g_max=30000)\]
Compiling architecture behavioral of entity xil_defaultlib.counter_time [counter_time_default]
Compiling architecture behavioral of entity xil_defaultlib.decoder [decoder_default]
Compiling architecture behavioral of entity xil_defaultlib.edge_detector [edge_detector_default]
Compiling architecture behavioral of entity xil_defaultlib.d_ff_rst [d_ff_rst_default]
Compiling architecture behavioral of entity xil_defaultlib.shift_register [shift_register_default]
Compiling architecture behavioral of entity xil_defaultlib.d_ff_rst_7bit [d_ff_rst_7bit_default]
Compiling architecture behavioral of entity xil_defaultlib.shift_register_7bit [shift_register_7bit_default]
Compiling architecture behavioral of entity xil_defaultlib.hex_7seg [hex_7seg_default]
Compiling architecture behavioral of entity xil_defaultlib.top [top_default]
Compiling architecture testbench of entity xil_defaultlib.tb_top
Built simulation snapshot tb_top_behav
INFO: [USF-XSim-69] 'elaborate' step finished in '2' seconds
Vivado Simulator 2020.2
Time resolution is 1 ps
Note: Stimulus process started
Time: 0 ps  Iteration: 0  Process: /tb_top/p_stimulus  File: D:/prednasky a cviceni 4/DE1/github/digital-electronics-1/labs/Project/morse_code_decoder/project_1.srcs/sim_1/new/tb_top.vhd
Note: Stimulus process started
Time: 0 ps  Iteration: 0  Process: /tb_top/p_s  File: D:/prednasky a cviceni 4/DE1/github/digital-electronics-1/labs/Project/morse_code_decoder/project_1.srcs/sim_1/new/tb_top.vhd
Note: Stimulus process finished
Time: 0 ps  Iteration: 0  Process: /tb_top/p_s  File: D:/prednasky a cviceni 4/DE1/github/digital-electronics-1/labs/Project/morse_code_decoder/project_1.srcs/sim_1/new/tb_top.vhd
Note: Stimulus process finished
Time: 6800 us  Iteration: 0  Process: /tb_top/p_stimulus  File: D:/prednasky a cviceni 4/DE1/github/digital-electronics-1/labs/Project/morse_code_decoder/project_1.srcs/sim_1/new/tb_top.vhd
relaunch_xsim_kernel: Time (s): cpu = 00:00:05 ; elapsed = 00:00:06 . Memory (MB): peak = 1201.223 ; gain = 0.000
relaunch_sim: Time (s): cpu = 00:00:05 ; elapsed = 00:00:11 . Memory (MB): peak = 1201.223 ; gain = 0.000
relaunch_sim
Command: launch_simulation -simset sim_1 -mode behavioral
INFO: [Vivado 12-5682] Launching behavioral simulation in 'D:/prednasky a cviceni 4/DE1/github/digital-electronics-1/labs/Project/morse_code_decoder/project_1.sim/sim_1/behav/xsim'
INFO: [SIM-utils-51] Simulation object is 'sim_1'
INFO: [SIM-utils-54] Inspecting design source files for 'tb_top' in fileset 'sim_1'...
INFO: [USF-XSim-97] Finding global include files...
INFO: [USF-XSim-98] Fetching design files from 'sim_1'...
INFO: [USF-XSim-2] XSim::Compile design
INFO: [USF-XSim-61] Executing 'COMPILE and ANALYZE' step in 'D:/prednasky a cviceni 4/DE1/github/digital-electronics-1/labs/Project/morse_code_decoder/project_1.sim/sim_1/behav/xsim'
"xvhdl --incr --relax -prj tb_top_vhdl.prj"
INFO: [VRFC 10-163] Analyzing VHDL file "D:/prednasky a cviceni 4/DE1/github/digital-electronics-1/labs/Project/morse_code_decoder/project_1.srcs/sources_1/new/top.vhd" into library xil_defaultlib
INFO: [VRFC 10-3107] analyzing entity 'top'
INFO: [VRFC 10-163] Analyzing VHDL file "D:/prednasky a cviceni 4/DE1/github/digital-electronics-1/labs/Project/morse_code_decoder/project_1.srcs/sim_1/new/tb_top.vhd" into library xil_defaultlib
INFO: [VRFC 10-3107] analyzing entity 'tb_top'
INFO: [USF-XSim-69] 'compile' step finished in '2' seconds
Command: launch_simulation -simset sim_1 -mode behavioral
INFO: [Vivado 12-5682] Launching behavioral simulation in 'D:/prednasky a cviceni 4/DE1/github/digital-electronics-1/labs/Project/morse_code_decoder/project_1.sim/sim_1/behav/xsim'
INFO: [USF-XSim-3] XSim::Elaborate design
INFO: [USF-XSim-61] Executing 'ELABORATE' step in 'D:/prednasky a cviceni 4/DE1/github/digital-electronics-1/labs/Project/morse_code_decoder/project_1.sim/sim_1/behav/xsim'
"xelab -wto 18f6adacffb34c4389a660fa1227a441 --incr --debug typical --relax --mt 2 -L xil_defaultlib -L secureip --snapshot tb_top_behav xil_defaultlib.tb_top -log elaborate.log"
Vivado Simulator 2020.2
Copyright 1986-1999, 2001-2020 Xilinx, Inc. All Rights Reserved.
Running: D:/Xilinx/Vivado/2020.2/bin/unwrapped/win64.o/xelab.exe -wto 18f6adacffb34c4389a660fa1227a441 --incr --debug typical --relax --mt 2 -L xil_defaultlib -L secureip --snapshot tb_top_behav xil_defaultlib.tb_top -log elaborate.log 
Using 2 slave threads.
Starting static elaboration
Completed static elaboration
Starting simulation data flow analysis
Completed simulation data flow analysis
Time Resolution for simulation is 1ps
Compiling package std.standard
Compiling package std.textio
Compiling package ieee.std_logic_1164
Compiling package ieee.numeric_std
Compiling architecture behavioral of entity xil_defaultlib.clock_enable [\clock_enable(g_max=30000)\]
Compiling architecture behavioral of entity xil_defaultlib.counter_time [counter_time_default]
Compiling architecture behavioral of entity xil_defaultlib.decoder [decoder_default]
Compiling architecture behavioral of entity xil_defaultlib.edge_detector [edge_detector_default]
Compiling architecture behavioral of entity xil_defaultlib.d_ff_rst [d_ff_rst_default]
Compiling architecture behavioral of entity xil_defaultlib.shift_register [shift_register_default]
Compiling architecture behavioral of entity xil_defaultlib.d_ff_rst_7bit [d_ff_rst_7bit_default]
Compiling architecture behavioral of entity xil_defaultlib.shift_register_7bit [shift_register_7bit_default]
Compiling architecture behavioral of entity xil_defaultlib.hex_7seg [hex_7seg_default]
Compiling architecture behavioral of entity xil_defaultlib.top [top_default]
Compiling architecture testbench of entity xil_defaultlib.tb_top
Built simulation snapshot tb_top_behav
INFO: [USF-XSim-69] 'elaborate' step finished in '3' seconds
Vivado Simulator 2020.2
Time resolution is 1 ps
Note: Stimulus process started
Time: 0 ps  Iteration: 0  Process: /tb_top/p_stimulus  File: D:/prednasky a cviceni 4/DE1/github/digital-electronics-1/labs/Project/morse_code_decoder/project_1.srcs/sim_1/new/tb_top.vhd
Note: Stimulus process started
Time: 0 ps  Iteration: 0  Process: /tb_top/p_s  File: D:/prednasky a cviceni 4/DE1/github/digital-electronics-1/labs/Project/morse_code_decoder/project_1.srcs/sim_1/new/tb_top.vhd
Note: Stimulus process finished
Time: 0 ps  Iteration: 0  Process: /tb_top/p_s  File: D:/prednasky a cviceni 4/DE1/github/digital-electronics-1/labs/Project/morse_code_decoder/project_1.srcs/sim_1/new/tb_top.vhd
Note: Stimulus process finished
Time: 6800 us  Iteration: 0  Process: /tb_top/p_stimulus  File: D:/prednasky a cviceni 4/DE1/github/digital-electronics-1/labs/Project/morse_code_decoder/project_1.srcs/sim_1/new/tb_top.vhd
relaunch_xsim_kernel: Time (s): cpu = 00:00:04 ; elapsed = 00:00:05 . Memory (MB): peak = 1201.223 ; gain = 0.000
relaunch_sim: Time (s): cpu = 00:00:04 ; elapsed = 00:00:11 . Memory (MB): peak = 1201.223 ; gain = 0.000
relaunch_sim
Command: launch_simulation -simset sim_1 -mode behavioral
INFO: [Vivado 12-5682] Launching behavioral simulation in 'D:/prednasky a cviceni 4/DE1/github/digital-electronics-1/labs/Project/morse_code_decoder/project_1.sim/sim_1/behav/xsim'
INFO: [SIM-utils-51] Simulation object is 'sim_1'
INFO: [SIM-utils-54] Inspecting design source files for 'tb_top' in fileset 'sim_1'...
INFO: [USF-XSim-97] Finding global include files...
INFO: [USF-XSim-98] Fetching design files from 'sim_1'...
INFO: [USF-XSim-2] XSim::Compile design
INFO: [USF-XSim-61] Executing 'COMPILE and ANALYZE' step in 'D:/prednasky a cviceni 4/DE1/github/digital-electronics-1/labs/Project/morse_code_decoder/project_1.sim/sim_1/behav/xsim'
"xvhdl --incr --relax -prj tb_top_vhdl.prj"
INFO: [VRFC 10-163] Analyzing VHDL file "D:/prednasky a cviceni 4/DE1/github/digital-electronics-1/labs/Project/morse_code_decoder/project_1.srcs/sources_1/new/d_ff_rst.vhd" into library xil_defaultlib
INFO: [VRFC 10-3107] analyzing entity 'd_ff_rst'
INFO: [VRFC 10-163] Analyzing VHDL file "D:/prednasky a cviceni 4/DE1/github/digital-electronics-1/labs/Project/morse_code_decoder/project_1.srcs/sources_1/new/d_ff_rst_7bit.vhd" into library xil_defaultlib
INFO: [VRFC 10-3107] analyzing entity 'd_ff_rst_7bit'
INFO: [VRFC 10-163] Analyzing VHDL file "D:/prednasky a cviceni 4/DE1/github/digital-electronics-1/labs/Project/morse_code_decoder/project_1.srcs/sources_1/new/shift_register.vhd" into library xil_defaultlib
INFO: [VRFC 10-3107] analyzing entity 'shift_register'
INFO: [VRFC 10-163] Analyzing VHDL file "D:/prednasky a cviceni 4/DE1/github/digital-electronics-1/labs/Project/morse_code_decoder/project_1.srcs/sources_1/new/shift_register_7bit.vhd" into library xil_defaultlib
INFO: [VRFC 10-3107] analyzing entity 'shift_register_7bit'
INFO: [VRFC 10-163] Analyzing VHDL file "D:/prednasky a cviceni 4/DE1/github/digital-electronics-1/labs/Project/morse_code_decoder/project_1.srcs/sources_1/new/top.vhd" into library xil_defaultlib
INFO: [VRFC 10-3107] analyzing entity 'top'
INFO: [VRFC 10-163] Analyzing VHDL file "D:/prednasky a cviceni 4/DE1/github/digital-electronics-1/labs/Project/morse_code_decoder/project_1.srcs/sim_1/new/tb_top.vhd" into library xil_defaultlib
INFO: [VRFC 10-3107] analyzing entity 'tb_top'
INFO: [USF-XSim-69] 'compile' step finished in '2' seconds
Command: launch_simulation -simset sim_1 -mode behavioral
INFO: [Vivado 12-5682] Launching behavioral simulation in 'D:/prednasky a cviceni 4/DE1/github/digital-electronics-1/labs/Project/morse_code_decoder/project_1.sim/sim_1/behav/xsim'
INFO: [USF-XSim-3] XSim::Elaborate design
INFO: [USF-XSim-61] Executing 'ELABORATE' step in 'D:/prednasky a cviceni 4/DE1/github/digital-electronics-1/labs/Project/morse_code_decoder/project_1.sim/sim_1/behav/xsim'
"xelab -wto 18f6adacffb34c4389a660fa1227a441 --incr --debug typical --relax --mt 2 -L xil_defaultlib -L secureip --snapshot tb_top_behav xil_defaultlib.tb_top -log elaborate.log"
Vivado Simulator 2020.2
Copyright 1986-1999, 2001-2020 Xilinx, Inc. All Rights Reserved.
Running: D:/Xilinx/Vivado/2020.2/bin/unwrapped/win64.o/xelab.exe -wto 18f6adacffb34c4389a660fa1227a441 --incr --debug typical --relax --mt 2 -L xil_defaultlib -L secureip --snapshot tb_top_behav xil_defaultlib.tb_top -log elaborate.log 
Using 2 slave threads.
Starting static elaboration
Completed static elaboration
Starting simulation data flow analysis
Completed simulation data flow analysis
Time Resolution for simulation is 1ps
Compiling package std.standard
Compiling package std.textio
Compiling package ieee.std_logic_1164
Compiling package ieee.numeric_std
Compiling architecture behavioral of entity xil_defaultlib.clock_enable [\clock_enable(g_max=30000)\]
Compiling architecture behavioral of entity xil_defaultlib.counter_time [counter_time_default]
Compiling architecture behavioral of entity xil_defaultlib.decoder [decoder_default]
Compiling architecture behavioral of entity xil_defaultlib.edge_detector [edge_detector_default]
Compiling architecture behavioral of entity xil_defaultlib.d_ff_rst [d_ff_rst_default]
Compiling architecture behavioral of entity xil_defaultlib.shift_register [shift_register_default]
Compiling architecture behavioral of entity xil_defaultlib.d_ff_rst_7bit [d_ff_rst_7bit_default]
Compiling architecture behavioral of entity xil_defaultlib.shift_register_7bit [shift_register_7bit_default]
Compiling architecture behavioral of entity xil_defaultlib.hex_7seg [hex_7seg_default]
Compiling architecture behavioral of entity xil_defaultlib.top [top_default]
Compiling architecture testbench of entity xil_defaultlib.tb_top
Built simulation snapshot tb_top_behav
INFO: [USF-XSim-69] 'elaborate' step finished in '3' seconds
Vivado Simulator 2020.2
Time resolution is 1 ps
Note: Stimulus process started
Time: 0 ps  Iteration: 0  Process: /tb_top/p_stimulus  File: D:/prednasky a cviceni 4/DE1/github/digital-electronics-1/labs/Project/morse_code_decoder/project_1.srcs/sim_1/new/tb_top.vhd
Note: Stimulus process started
Time: 0 ps  Iteration: 0  Process: /tb_top/p_s  File: D:/prednasky a cviceni 4/DE1/github/digital-electronics-1/labs/Project/morse_code_decoder/project_1.srcs/sim_1/new/tb_top.vhd
Note: Stimulus process finished
Time: 0 ps  Iteration: 0  Process: /tb_top/p_s  File: D:/prednasky a cviceni 4/DE1/github/digital-electronics-1/labs/Project/morse_code_decoder/project_1.srcs/sim_1/new/tb_top.vhd
Note: Stimulus process finished
Time: 6800 us  Iteration: 0  Process: /tb_top/p_stimulus  File: D:/prednasky a cviceni 4/DE1/github/digital-electronics-1/labs/Project/morse_code_decoder/project_1.srcs/sim_1/new/tb_top.vhd
relaunch_xsim_kernel: Time (s): cpu = 00:00:04 ; elapsed = 00:00:05 . Memory (MB): peak = 1201.223 ; gain = 0.000
relaunch_sim: Time (s): cpu = 00:00:04 ; elapsed = 00:00:11 . Memory (MB): peak = 1201.223 ; gain = 0.000
save_wave_config {D:/prednasky a cviceni 4/DE1/github/digital-electronics-1/labs/Project/morse_code_decoder/tb_top_behav.wcfg}
close_sim
INFO: [Simtcl 6-16] Simulation closed
exit
INFO: [Common 17-206] Exiting Vivado at Fri Apr 22 21:04:09 2022...
